<?xml version="1.0" encoding="UTF-8"?>
<testsuite name="com.B305.ogym.service.UserServiceTest" tests="11" skipped="0" failures="0" errors="0" timestamp="2021-08-17T15:09:09" hostname="DESKTOP-H7093P3" time="0.096">
  <properties/>
  <testcase name="트레이너 회원 정보 조회 - 성공" classname="com.B305.ogym.service.UserServiceTest" time="0.056"/>
  <testcase name="학생 회원 탈퇴 - 성공" classname="com.B305.ogym.service.UserServiceTest" time="0.004"/>
  <testcase name="트레이너 회원 정보 조회 - 성공" classname="com.B305.ogym.service.UserServiceTest" time="0.004"/>
  <testcase name="학생 회원 탈퇴 - 이미 탈퇴한 회원이므로 탈퇴 실패" classname="com.B305.ogym.service.UserServiceTest" time="0.003"/>
  <testcase name="트레이너 회원 탈퇴 성공" classname="com.B305.ogym.service.UserServiceTest" time="0.004"/>
  <testcase name="이메일 중복 시 회원가입 실패" classname="com.B305.ogym.service.UserServiceTest" time="0.003"/>
  <testcase name="학생 회원 정보 조회 - 성공" classname="com.B305.ogym.service.UserServiceTest" time="0.004"/>
  <testcase name="트레이너 회원 탈퇴 - 이미 탈퇴한 회원이므로 탈퇴 실패" classname="com.B305.ogym.service.UserServiceTest" time="0.004"/>
  <testcase name="닉네임 중복 시 회원가입 실패" classname="com.B305.ogym.service.UserServiceTest" time="0.003"/>
  <testcase name="트레이너 회원 정보 조회 - 성공" classname="com.B305.ogym.service.UserServiceTest" time="0.002"/>
  <testcase name="학생 회원가입 성공" classname="com.B305.ogym.service.UserServiceTest" time="0.006"/>
  <system-out><![CDATA[]]></system-out>
  <system-err><![CDATA[]]></system-err>
</testsuite>
