<?xml version="1.0" encoding="UTF-8"?>
<testsuite name="com.B305.ogym.controller.HealthApiControllerTest" tests="3" skipped="0" failures="0" errors="0" timestamp="2021-08-17T15:09:05" hostname="DESKTOP-H7093P3" time="0.19">
  <properties/>
  <testcase name="내 건강 정보 확인 - 성공" classname="com.B305.ogym.controller.HealthApiControllerTest" time="0.135"/>
  <testcase name="내 건강 정보 확인 - 실패" classname="com.B305.ogym.controller.HealthApiControllerTest" time="0.019"/>
  <testcase name="내 학생들의 건강 정보 확인 - 성공" classname="com.B305.ogym.controller.HealthApiControllerTest" time="0.032"/>
  <system-out><![CDATA[2021-08-18 00:09:03.980  INFO 17340 --- [    Test worker] .b.t.a.w.s.WebMvcTestContextBootstrapper : Neither @ContextConfiguration nor @ContextHierarchy found for test class [com.B305.ogym.controller.HealthApiControllerTest], using SpringBootContextLoader
2021-08-18 00:09:03.981  INFO 17340 --- [    Test worker] o.s.t.c.support.AbstractContextLoader    : Could not detect default resource locations for test class [com.B305.ogym.controller.HealthApiControllerTest]: no resource found for suffixes {-context.xml, Context.groovy}.
2021-08-18 00:09:03.981  INFO 17340 --- [    Test worker] t.c.s.AnnotationConfigContextLoaderUtils : Could not detect default configuration classes for test class [com.B305.ogym.controller.HealthApiControllerTest]: HealthApiControllerTest does not declare any static, non-private, non-final, nested classes annotated with @Configuration.
2021-08-18 00:09:03.986  INFO 17340 --- [    Test worker] .b.t.c.SpringBootTestContextBootstrapper : Found @SpringBootConfiguration com.B305.ogym.OgymApplication for test class com.B305.ogym.controller.HealthApiControllerTest
2021-08-18 00:09:03.987  INFO 17340 --- [    Test worker] .b.t.a.w.s.WebMvcTestContextBootstrapper : Loaded default TestExecutionListener class names from location [META-INF/spring.factories]: [org.springframework.security.test.context.support.WithSecurityContextTestExecutionListener, org.springframework.security.test.context.support.ReactorContextTestExecutionListener, org.springframework.boot.test.autoconfigure.restdocs.RestDocsTestExecutionListener, org.springframework.boot.test.autoconfigure.web.client.MockRestServiceServerResetTestExecutionListener, org.springframework.boot.test.autoconfigure.web.servlet.MockMvcPrintOnlyOnFailureTestExecutionListener, org.springframework.boot.test.autoconfigure.web.servlet.WebDriverTestExecutionListener, org.springframework.boot.test.autoconfigure.webservices.client.MockWebServiceServerTestExecutionListener, org.springframework.boot.test.mock.mockito.MockitoTestExecutionListener, org.springframework.boot.test.mock.mockito.ResetMocksTestExecutionListener, org.springframework.test.context.web.ServletTestExecutionListener, org.springframework.test.context.support.DirtiesContextBeforeModesTestExecutionListener, org.springframework.test.context.event.ApplicationEventsTestExecutionListener, org.springframework.test.context.support.DependencyInjectionTestExecutionListener, org.springframework.test.context.support.DirtiesContextTestExecutionListener, org.springframework.test.context.transaction.TransactionalTestExecutionListener, org.springframework.test.context.jdbc.SqlScriptsTestExecutionListener, org.springframework.test.context.event.EventPublishingTestExecutionListener]
2021-08-18 00:09:03.988  INFO 17340 --- [    Test worker] .b.t.a.w.s.WebMvcTestContextBootstrapper : Using TestExecutionListeners: [org.springframework.test.context.web.ServletTestExecutionListener@6daa1e80, org.springframework.test.context.support.DirtiesContextBeforeModesTestExecutionListener@7f54b280, org.springframework.test.context.event.ApplicationEventsTestExecutionListener@493dc2b, org.springframework.boot.test.mock.mockito.MockitoTestExecutionListener@81aab1e, org.springframework.boot.test.autoconfigure.SpringBootDependencyInjectionTestExecutionListener@3579ea83, org.springframework.test.context.support.DirtiesContextTestExecutionListener@6fe39e1e, org.springframework.test.context.transaction.TransactionalTestExecutionListener@750b654d, org.springframework.test.context.jdbc.SqlScriptsTestExecutionListener@289462a9, org.springframework.security.test.context.support.WithSecurityContextTestExecutionListener@5243b8ca, org.springframework.test.context.event.EventPublishingTestExecutionListener@2123dff2, org.springframework.security.test.context.support.ReactorContextTestExecutionListener@face796, org.springframework.boot.test.autoconfigure.restdocs.RestDocsTestExecutionListener@4a64de0, org.springframework.boot.test.autoconfigure.web.client.MockRestServiceServerResetTestExecutionListener@4bec3056, org.springframework.boot.test.autoconfigure.web.servlet.MockMvcPrintOnlyOnFailureTestExecutionListener@748faa96, org.springframework.boot.test.autoconfigure.web.servlet.WebDriverTestExecutionListener@1c7773c6, org.springframework.boot.test.autoconfigure.webservices.client.MockWebServiceServerTestExecutionListener@2a08e4e5, org.springframework.boot.test.mock.mockito.ResetMocksTestExecutionListener@4c0f72]

  .   ____          _            __ _ _
 /\\ / ___'_ __ _ _(_)_ __  __ _ \ \ \ \
( ( )\___ | '_ | '_| | '_ \/ _` | \ \ \ \
 \\/  ___)| |_)| | | | | || (_| |  ) ) ) )
  '  |____| .__|_| |_|_| |_\__, | / / / /
 =========|_|==============|___/=/_/_/_/
 :: Spring Boot ::                (v2.5.2)

2021-08-18 00:09:04.043  INFO 17340 --- [    Test worker] c.B.o.c.HealthApiControllerTest          : Starting HealthApiControllerTest using Java 11.0.1 on DESKTOP-H7093P3 with PID 17340 (started by juhyu in C:\ssafy-common-sub3\BackEnd)
2021-08-18 00:09:04.044  INFO 17340 --- [    Test worker] c.B.o.c.HealthApiControllerTest          : No active profile set, falling back to default profiles: default
2021-08-18 00:09:04.982  INFO 17340 --- [    Test worker] .s.s.UserDetailsServiceAutoConfiguration : 

Using generated security password: e8729a32-250e-4f45-a163-36889ecf6907

2021-08-18 00:09:05.135  INFO 17340 --- [    Test worker] o.s.s.web.DefaultSecurityFilterChain     : Will secure any request with [org.springframework.security.web.context.request.async.WebAsyncManagerIntegrationFilter@333b361c, org.springframework.security.web.context.SecurityContextPersistenceFilter@8efd1d0, org.springframework.security.web.header.HeaderWriterFilter@b22f5ee, org.springframework.security.web.csrf.CsrfFilter@211455b4, org.springframework.security.web.authentication.logout.LogoutFilter@120c7d43, org.springframework.security.web.authentication.UsernamePasswordAuthenticationFilter@7ec01154, org.springframework.security.web.authentication.ui.DefaultLoginPageGeneratingFilter@34d50411, org.springframework.security.web.authentication.ui.DefaultLogoutPageGeneratingFilter@46563370, org.springframework.security.web.authentication.www.BasicAuthenticationFilter@116d6b32, org.springframework.security.web.savedrequest.RequestCacheAwareFilter@5f1f2c07, org.springframework.security.web.servletapi.SecurityContextHolderAwareRequestFilter@438e2f8f, org.springframework.security.web.authentication.AnonymousAuthenticationFilter@3862d05f, org.springframework.security.web.session.SessionManagementFilter@b558cfb, org.springframework.security.web.access.ExceptionTranslationFilter@293fc301, org.springframework.security.web.access.intercept.FilterSecurityInterceptor@55441b90]
2021-08-18 00:09:05.200  INFO 17340 --- [    Test worker] o.s.b.t.m.w.SpringBootMockServletContext : Initializing Spring TestDispatcherServlet ''
2021-08-18 00:09:05.200  INFO 17340 --- [    Test worker] o.s.t.web.servlet.TestDispatcherServlet  : Initializing Servlet ''
2021-08-18 00:09:05.201  INFO 17340 --- [    Test worker] o.s.t.web.servlet.TestDispatcherServlet  : Completed initialization in 1 ms
2021-08-18 00:09:05.218  INFO 17340 --- [    Test worker] c.B.o.c.HealthApiControllerTest          : Started HealthApiControllerTest in 1.226 seconds (JVM running for 7.239)
2021-08-18 00:09:05.234  INFO 17340 --- [    Test worker] o.s.b.t.m.w.SpringBootMockServletContext : Initializing Spring TestDispatcherServlet ''
2021-08-18 00:09:05.234  INFO 17340 --- [    Test worker] o.s.t.web.servlet.TestDispatcherServlet  : Initializing Servlet ''
2021-08-18 00:09:05.235  INFO 17340 --- [    Test worker] o.s.t.web.servlet.TestDispatcherServlet  : Completed initialization in 1 ms

MockHttpServletRequest:
      HTTP Method = GET
      Request URI = /api/health/myhealth
       Parameters = {}
          Headers = [Authorization:"JWT ACCESS TOKEN"]
             Body = null
    Session Attrs = {}

Handler:
             Type = com.B305.ogym.controller.HealthApiController
           Method = com.B305.ogym.controller.HealthApiController#getMyHealth(String)

Async:
    Async started = false
     Async result = null

Resolved Exception:
             Type = null

ModelAndView:
        View name = null
             View = null
            Model = null

FlashMap:
       Attributes = null

MockHttpServletResponse:
           Status = 200
    Error message = null
          Headers = [Content-Type:"application/json;charset=UTF-8"]
     Content type = application/json;charset=UTF-8
             Body = {"statusCode":200,"message":"건강정보 조회에 성공했습니다.","data":{"heightList":[160,160,160,160,160,161],"weightList":[44,43,46,42,43,40]}}
    Forwarded URL = null
   Redirected URL = null
          Cookies = []
2021-08-18 00:09:05.364  INFO 17340 --- [    Test worker] o.s.b.t.m.w.SpringBootMockServletContext : Initializing Spring TestDispatcherServlet ''
2021-08-18 00:09:05.364  INFO 17340 --- [    Test worker] o.s.t.web.servlet.TestDispatcherServlet  : Initializing Servlet ''
2021-08-18 00:09:05.365  INFO 17340 --- [    Test worker] o.s.t.web.servlet.TestDispatcherServlet  : Completed initialization in 1 ms

MockHttpServletRequest:
      HTTP Method = GET
      Request URI = /api/health/myhealth
       Parameters = {}
          Headers = [Authorization:"JWT ACCESS TOKEN"]
             Body = null
    Session Attrs = {}

Handler:
             Type = com.B305.ogym.controller.HealthApiController
           Method = com.B305.ogym.controller.HealthApiController#getMyHealth(String)

Async:
    Async started = false
     Async result = null

Resolved Exception:
             Type = com.B305.ogym.exception.user.UserNotFoundException

ModelAndView:
        View name = null
             View = null
            Model = null

FlashMap:
       Attributes = null

MockHttpServletResponse:
           Status = 404
    Error message = null
          Headers = [Content-Type:"text/plain;charset=UTF-8", Content-Length:"72"]
     Content type = text/plain;charset=UTF-8
             Body = 가입하지 않은 아이디이거나, 잘못된 비밀번호입니다.
    Forwarded URL = null
   Redirected URL = null
          Cookies = []
2021-08-18 00:09:05.385  INFO 17340 --- [    Test worker] o.s.b.t.m.w.SpringBootMockServletContext : Initializing Spring TestDispatcherServlet ''
2021-08-18 00:09:05.385  INFO 17340 --- [    Test worker] o.s.t.web.servlet.TestDispatcherServlet  : Initializing Servlet ''
2021-08-18 00:09:05.386  INFO 17340 --- [    Test worker] o.s.t.web.servlet.TestDispatcherServlet  : Completed initialization in 1 ms

MockHttpServletRequest:
      HTTP Method = GET
      Request URI = /api/health/mystudents
       Parameters = {}
          Headers = [Authorization:"JWT ACCESS TOKEN"]
             Body = null
    Session Attrs = {}

Handler:
             Type = com.B305.ogym.controller.HealthApiController
           Method = com.B305.ogym.controller.HealthApiController#getMyStudentsHealth(String)

Async:
    Async started = false
     Async result = null

Resolved Exception:
             Type = null

ModelAndView:
        View name = null
             View = null
            Model = null

FlashMap:
       Attributes = null

MockHttpServletResponse:
           Status = 200
    Error message = null
          Headers = [Content-Type:"application/json;charset=UTF-8"]
     Content type = application/json;charset=UTF-8
             Body = {"statusCode":200,"message":"건강정보 조회에 성공했습니다.","data":{"studentHealthList":[{"username":"김지우","nickname":"츄","age":21,"gender":"WOMAN","profileUrl":null,"heightList":[160,160,160,160,160,161],"weightList":[44,43,46,42,43,40]}]}}
    Forwarded URL = null
   Redirected URL = null
          Cookies = []
]]></system-out>
  <system-err><![CDATA[]]></system-err>
</testsuite>
