<?xml version="1.0" encoding="UTF-8"?>
<testsuite name="com.B305.ogym.controller.HealthApiControllerTest" tests="3" skipped="0" failures="0" errors="0" timestamp="2021-08-19T14:18:54" hostname="DESKTOP-H7093P3" time="0.224">
  <properties/>
  <testcase name="내 건강 정보 확인 - 성공" classname="com.B305.ogym.controller.HealthApiControllerTest" time="0.151"/>
  <testcase name="내 건강 정보 확인 - 실패" classname="com.B305.ogym.controller.HealthApiControllerTest" time="0.024"/>
  <testcase name="내 학생들의 건강 정보 확인 - 성공" classname="com.B305.ogym.controller.HealthApiControllerTest" time="0.044"/>
  <system-out><![CDATA[2021-08-19 23:18:53.654  INFO 25316 --- [    Test worker] .b.t.a.w.s.WebMvcTestContextBootstrapper : Neither @ContextConfiguration nor @ContextHierarchy found for test class [com.B305.ogym.controller.HealthApiControllerTest], using SpringBootContextLoader
2021-08-19 23:18:53.655  INFO 25316 --- [    Test worker] o.s.t.c.support.AbstractContextLoader    : Could not detect default resource locations for test class [com.B305.ogym.controller.HealthApiControllerTest]: no resource found for suffixes {-context.xml, Context.groovy}.
2021-08-19 23:18:53.656  INFO 25316 --- [    Test worker] t.c.s.AnnotationConfigContextLoaderUtils : Could not detect default configuration classes for test class [com.B305.ogym.controller.HealthApiControllerTest]: HealthApiControllerTest does not declare any static, non-private, non-final, nested classes annotated with @Configuration.
2021-08-19 23:18:53.661  INFO 25316 --- [    Test worker] .b.t.c.SpringBootTestContextBootstrapper : Found @SpringBootConfiguration com.B305.ogym.OgymApplication for test class com.B305.ogym.controller.HealthApiControllerTest
2021-08-19 23:18:53.661  INFO 25316 --- [    Test worker] .b.t.a.w.s.WebMvcTestContextBootstrapper : Loaded default TestExecutionListener class names from location [META-INF/spring.factories]: [org.springframework.security.test.context.support.WithSecurityContextTestExecutionListener, org.springframework.security.test.context.support.ReactorContextTestExecutionListener, org.springframework.boot.test.autoconfigure.restdocs.RestDocsTestExecutionListener, org.springframework.boot.test.autoconfigure.web.client.MockRestServiceServerResetTestExecutionListener, org.springframework.boot.test.autoconfigure.web.servlet.MockMvcPrintOnlyOnFailureTestExecutionListener, org.springframework.boot.test.autoconfigure.web.servlet.WebDriverTestExecutionListener, org.springframework.boot.test.autoconfigure.webservices.client.MockWebServiceServerTestExecutionListener, org.springframework.boot.test.mock.mockito.MockitoTestExecutionListener, org.springframework.boot.test.mock.mockito.ResetMocksTestExecutionListener, org.springframework.test.context.web.ServletTestExecutionListener, org.springframework.test.context.support.DirtiesContextBeforeModesTestExecutionListener, org.springframework.test.context.event.ApplicationEventsTestExecutionListener, org.springframework.test.context.support.DependencyInjectionTestExecutionListener, org.springframework.test.context.support.DirtiesContextTestExecutionListener, org.springframework.test.context.transaction.TransactionalTestExecutionListener, org.springframework.test.context.jdbc.SqlScriptsTestExecutionListener, org.springframework.test.context.event.EventPublishingTestExecutionListener]
2021-08-19 23:18:53.662  INFO 25316 --- [    Test worker] .b.t.a.w.s.WebMvcTestContextBootstrapper : Using TestExecutionListeners: [org.springframework.test.context.web.ServletTestExecutionListener@7cd96a28, org.springframework.test.context.support.DirtiesContextBeforeModesTestExecutionListener@705d21f9, org.springframework.test.context.event.ApplicationEventsTestExecutionListener@51a7c62e, org.springframework.boot.test.mock.mockito.MockitoTestExecutionListener@3ad99fef, org.springframework.boot.test.autoconfigure.SpringBootDependencyInjectionTestExecutionListener@d663ab6, org.springframework.test.context.support.DirtiesContextTestExecutionListener@14ad800a, org.springframework.test.context.transaction.TransactionalTestExecutionListener@7bd4b207, org.springframework.test.context.jdbc.SqlScriptsTestExecutionListener@d047c75, org.springframework.security.test.context.support.WithSecurityContextTestExecutionListener@318b54e9, org.springframework.test.context.event.EventPublishingTestExecutionListener@49de3f02, org.springframework.security.test.context.support.ReactorContextTestExecutionListener@1744f8b4, org.springframework.boot.test.autoconfigure.restdocs.RestDocsTestExecutionListener@390dd9fd, org.springframework.boot.test.autoconfigure.web.client.MockRestServiceServerResetTestExecutionListener@52caee29, org.springframework.boot.test.autoconfigure.web.servlet.MockMvcPrintOnlyOnFailureTestExecutionListener@6a54fd5d, org.springframework.boot.test.autoconfigure.web.servlet.WebDriverTestExecutionListener@5a6529fb, org.springframework.boot.test.autoconfigure.webservices.client.MockWebServiceServerTestExecutionListener@df0c17b, org.springframework.boot.test.mock.mockito.ResetMocksTestExecutionListener@8cecd4a]

  .   ____          _            __ _ _
 /\\ / ___'_ __ _ _(_)_ __  __ _ \ \ \ \
( ( )\___ | '_ | '_| | '_ \/ _` | \ \ \ \
 \\/  ___)| |_)| | | | | || (_| |  ) ) ) )
  '  |____| .__|_| |_|_| |_\__, | / / / /
 =========|_|==============|___/=/_/_/_/
 :: Spring Boot ::                (v2.5.2)

2021-08-19 23:18:53.717  INFO 25316 --- [    Test worker] c.B.o.c.HealthApiControllerTest          : Starting HealthApiControllerTest using Java 11.0.1 on DESKTOP-H7093P3 with PID 25316 (started by juhyu in C:\ssafy-common-sub3\BackEnd)
2021-08-19 23:18:53.718  INFO 25316 --- [    Test worker] c.B.o.c.HealthApiControllerTest          : No active profile set, falling back to default profiles: default
2021-08-19 23:18:54.546  INFO 25316 --- [    Test worker] .s.s.UserDetailsServiceAutoConfiguration : 

Using generated security password: 15fbe432-3d96-4532-a39e-8fa96a030346

2021-08-19 23:18:54.688  INFO 25316 --- [    Test worker] o.s.s.web.DefaultSecurityFilterChain     : Will secure any request with [org.springframework.security.web.context.request.async.WebAsyncManagerIntegrationFilter@69f10da4, org.springframework.security.web.context.SecurityContextPersistenceFilter@156fa52f, org.springframework.security.web.header.HeaderWriterFilter@5634a420, org.springframework.security.web.csrf.CsrfFilter@2fca2b5f, org.springframework.security.web.authentication.logout.LogoutFilter@5f043281, org.springframework.security.web.authentication.UsernamePasswordAuthenticationFilter@62a24105, org.springframework.security.web.authentication.ui.DefaultLoginPageGeneratingFilter@6988b6d2, org.springframework.security.web.authentication.ui.DefaultLogoutPageGeneratingFilter@4ddff9f1, org.springframework.security.web.authentication.www.BasicAuthenticationFilter@712b0985, org.springframework.security.web.savedrequest.RequestCacheAwareFilter@22128506, org.springframework.security.web.servletapi.SecurityContextHolderAwareRequestFilter@19ce2e8d, org.springframework.security.web.authentication.AnonymousAuthenticationFilter@3d052326, org.springframework.security.web.session.SessionManagementFilter@6609186a, org.springframework.security.web.access.ExceptionTranslationFilter@61a4c126, org.springframework.security.web.access.intercept.FilterSecurityInterceptor@3112b318]
2021-08-19 23:18:54.744  INFO 25316 --- [    Test worker] o.s.b.t.m.w.SpringBootMockServletContext : Initializing Spring TestDispatcherServlet ''
2021-08-19 23:18:54.744  INFO 25316 --- [    Test worker] o.s.t.web.servlet.TestDispatcherServlet  : Initializing Servlet ''
2021-08-19 23:18:54.745  INFO 25316 --- [    Test worker] o.s.t.web.servlet.TestDispatcherServlet  : Completed initialization in 1 ms
2021-08-19 23:18:54.760  INFO 25316 --- [    Test worker] c.B.o.c.HealthApiControllerTest          : Started HealthApiControllerTest in 1.094 seconds (JVM running for 6.623)
2021-08-19 23:18:54.779  INFO 25316 --- [    Test worker] o.s.b.t.m.w.SpringBootMockServletContext : Initializing Spring TestDispatcherServlet ''
2021-08-19 23:18:54.779  INFO 25316 --- [    Test worker] o.s.t.web.servlet.TestDispatcherServlet  : Initializing Servlet ''
2021-08-19 23:18:54.780  INFO 25316 --- [    Test worker] o.s.t.web.servlet.TestDispatcherServlet  : Completed initialization in 1 ms

MockHttpServletRequest:
      HTTP Method = GET
      Request URI = /api/health/myhealth
       Parameters = {}
          Headers = [Authorization:"JWT ACCESS TOKEN"]
             Body = null
    Session Attrs = {}

Handler:
             Type = com.B305.ogym.controller.HealthApiController
           Method = com.B305.ogym.controller.HealthApiController#getMyHealth(String)

Async:
    Async started = false
     Async result = null

Resolved Exception:
             Type = null

ModelAndView:
        View name = null
             View = null
            Model = null

FlashMap:
       Attributes = null

MockHttpServletResponse:
           Status = 200
    Error message = null
          Headers = [Content-Type:"application/json;charset=UTF-8"]
     Content type = application/json;charset=UTF-8
             Body = {"statusCode":200,"message":"건강정보 조회에 성공했습니다.","data":{"heightList":[160,160,160,160,160,161],"weightList":[44,43,46,42,43,40]}}
    Forwarded URL = null
   Redirected URL = null
          Cookies = []
2021-08-19 23:18:54.922  INFO 25316 --- [    Test worker] o.s.b.t.m.w.SpringBootMockServletContext : Initializing Spring TestDispatcherServlet ''
2021-08-19 23:18:54.922  INFO 25316 --- [    Test worker] o.s.t.web.servlet.TestDispatcherServlet  : Initializing Servlet ''
2021-08-19 23:18:54.923  INFO 25316 --- [    Test worker] o.s.t.web.servlet.TestDispatcherServlet  : Completed initialization in 1 ms

MockHttpServletRequest:
      HTTP Method = GET
      Request URI = /api/health/myhealth
       Parameters = {}
          Headers = [Authorization:"JWT ACCESS TOKEN"]
             Body = null
    Session Attrs = {}

Handler:
             Type = com.B305.ogym.controller.HealthApiController
           Method = com.B305.ogym.controller.HealthApiController#getMyHealth(String)

Async:
    Async started = false
     Async result = null

Resolved Exception:
             Type = com.B305.ogym.exception.user.UserNotFoundException

ModelAndView:
        View name = null
             View = null
            Model = null

FlashMap:
       Attributes = null

MockHttpServletResponse:
           Status = 404
    Error message = null
          Headers = [Content-Type:"text/plain;charset=UTF-8", Content-Length:"72"]
     Content type = text/plain;charset=UTF-8
             Body = 가입하지 않은 아이디이거나, 잘못된 비밀번호입니다.
    Forwarded URL = null
   Redirected URL = null
          Cookies = []
2021-08-19 23:18:54.949  INFO 25316 --- [    Test worker] o.s.b.t.m.w.SpringBootMockServletContext : Initializing Spring TestDispatcherServlet ''
2021-08-19 23:18:54.949  INFO 25316 --- [    Test worker] o.s.t.web.servlet.TestDispatcherServlet  : Initializing Servlet ''
2021-08-19 23:18:54.950  INFO 25316 --- [    Test worker] o.s.t.web.servlet.TestDispatcherServlet  : Completed initialization in 1 ms

MockHttpServletRequest:
      HTTP Method = GET
      Request URI = /api/health/mystudents
       Parameters = {}
          Headers = [Authorization:"JWT ACCESS TOKEN"]
             Body = null
    Session Attrs = {}

Handler:
             Type = com.B305.ogym.controller.HealthApiController
           Method = com.B305.ogym.controller.HealthApiController#getMyStudentsHealth(String)

Async:
    Async started = false
     Async result = null

Resolved Exception:
             Type = null

ModelAndView:
        View name = null
             View = null
            Model = null

FlashMap:
       Attributes = null

MockHttpServletResponse:
           Status = 200
    Error message = null
          Headers = [Content-Type:"application/json;charset=UTF-8"]
     Content type = application/json;charset=UTF-8
             Body = {"statusCode":200,"message":"건강정보 조회에 성공했습니다.","data":{"studentHealthList":[{"username":"김지우","nickname":"츄","age":21,"gender":"WOMAN","profileUrl":null,"heightList":[160,160,160,160,160,161],"weightList":[44,43,46,42,43,40]}]}}
    Forwarded URL = null
   Redirected URL = null
          Cookies = []
]]></system-out>
  <system-err><![CDATA[]]></system-err>
</testsuite>
