<?xml version="1.0" encoding="UTF-8"?>
<testsuite name="com.B305.ogym.service.UserServiceTest" tests="1" skipped="0" failures="0" errors="0" timestamp="2021-08-10T01:19:54" hostname="CHOSE" time="0.111">
  <properties/>
  <testcase name="이메일 중복 시 회원가입 실패" classname="com.B305.ogym.service.UserServiceTest" time="0.111"/>
  <system-out><![CDATA[]]></system-out>
  <system-err><![CDATA[]]></system-err>
</testsuite>
