<?xml version="1.0" encoding="UTF-8"?>
<testsuite name="com.B305.ogym.service.PTServiceTest" tests="13" skipped="0" failures="0" errors="0" timestamp="2021-08-17T02:05:29" hostname="DESKTOP-H7093P3" time="0.102">
  <properties/>
  <testcase name="PT 예약 - 예약할 선생님이 이미 탈퇴하여 실패" classname="com.B305.ogym.service.PTServiceTest" time="0.032"/>
  <testcase name="PT 예약 취소 - 성공" classname="com.B305.ogym.service.PTServiceTest" time="0.007"/>
  <testcase name="PT 예약 - 모든 제약 조건을 충족시키고 성공" classname="com.B305.ogym.service.PTServiceTest" time="0.004"/>
  <testcase name="PT 예약 - 중복 예약으로 인한 실패" classname="com.B305.ogym.service.PTServiceTest" time="0.021"/>
  <testcase name="유저 예약된 시간 출력 - 이미 탈퇴한 회원의 요청으로 인한 실패" classname="com.B305.ogym.service.PTServiceTest" time="0.003"/>
  <testcase name="PT 예약 취소 - 예약 학생이 이미 탈퇴하여 실패" classname="com.B305.ogym.service.PTServiceTest" time="0.003"/>
  <testcase name="선생님 예약된 시간 출력 - 이미 탈퇴한 선생님 회원으로 인한 실패" classname="com.B305.ogym.service.PTServiceTest" time="0.003"/>
  <testcase name="PT 예약 - 예약할 유저가 이미 탈퇴하여 실패" classname="com.B305.ogym.service.PTServiceTest" time="0.006"/>
  <testcase name="선생님 리스트 출력 - 성공" classname="com.B305.ogym.service.PTServiceTest" time="0.006"/>
  <testcase name="선생님 예약된 시간 출력 - 성공" classname="com.B305.ogym.service.PTServiceTest" time="0.002"/>
  <testcase name="PT 예약 취소 - 예약 정보를 찾을 수 없어 실패" classname="com.B305.ogym.service.PTServiceTest" time="0.004"/>
  <testcase name="유저 예약된 시간 출력 - 성공" classname="com.B305.ogym.service.PTServiceTest" time="0.002"/>
  <testcase name="PT 예약 취소 - 예약 선생님이 이미 탈퇴하여 실패" classname="com.B305.ogym.service.PTServiceTest" time="0.004"/>
  <system-out><![CDATA[]]></system-out>
  <system-err><![CDATA[]]></system-err>
</testsuite>
