<?xml version="1.0" encoding="UTF-8"?>
<testsuite name="com.B305.ogym.controller.PTApiControllerTest" tests="13" skipped="0" failures="0" errors="0" timestamp="2021-08-17T15:09:06" hostname="DESKTOP-H7093P3" time="0.761">
  <properties/>
  <testcase name="PT 예약하기 - 해당하는 선생님 이메일이 존재하지 않아 실패" classname="com.B305.ogym.controller.PTApiControllerTest" time="0.393"/>
  <testcase name="유저의 예약된 시간 조회 - 실패" classname="com.B305.ogym.controller.PTApiControllerTest" time="0.017"/>
  <testcase name="요청한 시간을 기준으로 10분 이전/이후의 예약을 조회 - 성공" classname="com.B305.ogym.controller.PTApiControllerTest" time="0.036"/>
  <testcase name="PT 예약 취소하기 - 요청한 학생이 존재하지 않아 실패" classname="com.B305.ogym.controller.PTApiControllerTest" time="0.012"/>
  <testcase name="PT 예약 취소하기 - 성공" classname="com.B305.ogym.controller.PTApiControllerTest" time="0.036"/>
  <testcase name="PT 예약하기 - 해당하는 학생 이메일이 존재하지 않아 실패" classname="com.B305.ogym.controller.PTApiControllerTest" time="0.035"/>
  <testcase name="PT 예약하기 - 성공" classname="com.B305.ogym.controller.PTApiControllerTest" time="0.031"/>
  <testcase name="선생님 예약 불가 시간 조회 - 성공" classname="com.B305.ogym.controller.PTApiControllerTest" time="0.068"/>
  <testcase name="PT 예약 취소하기 - 제거 요청한 예약이 존재하지 않아 실패" classname="com.B305.ogym.controller.PTApiControllerTest" time="0.014"/>
  <testcase name="선생님 예약 불가 시간 조회 - 실패" classname="com.B305.ogym.controller.PTApiControllerTest" time="0.01"/>
  <testcase name="유저의 예약된 시간 조회 - 성공" classname="com.B305.ogym.controller.PTApiControllerTest" time="0.023"/>
  <testcase name="PT 예약 취소하기 - 요청한 트레이너가 존재하지 않아 실패" classname="com.B305.ogym.controller.PTApiControllerTest" time="0.009"/>
  <testcase name="선생님 리스트 불러오기 - 성공" classname="com.B305.ogym.controller.PTApiControllerTest" time="0.059"/>
  <system-out><![CDATA[2021-08-18 00:09:05.421  INFO 17340 --- [    Test worker] .b.t.a.w.s.WebMvcTestContextBootstrapper : Neither @ContextConfiguration nor @ContextHierarchy found for test class [com.B305.ogym.controller.PTApiControllerTest], using SpringBootContextLoader
2021-08-18 00:09:05.423  INFO 17340 --- [    Test worker] o.s.t.c.support.AbstractContextLoader    : Could not detect default resource locations for test class [com.B305.ogym.controller.PTApiControllerTest]: no resource found for suffixes {-context.xml, Context.groovy}.
2021-08-18 00:09:05.423  INFO 17340 --- [    Test worker] t.c.s.AnnotationConfigContextLoaderUtils : Could not detect default configuration classes for test class [com.B305.ogym.controller.PTApiControllerTest]: PTApiControllerTest does not declare any static, non-private, non-final, nested classes annotated with @Configuration.
2021-08-18 00:09:05.427  INFO 17340 --- [    Test worker] .b.t.c.SpringBootTestContextBootstrapper : Found @SpringBootConfiguration com.B305.ogym.OgymApplication for test class com.B305.ogym.controller.PTApiControllerTest
2021-08-18 00:09:05.428  INFO 17340 --- [    Test worker] .b.t.a.w.s.WebMvcTestContextBootstrapper : Loaded default TestExecutionListener class names from location [META-INF/spring.factories]: [org.springframework.security.test.context.support.WithSecurityContextTestExecutionListener, org.springframework.security.test.context.support.ReactorContextTestExecutionListener, org.springframework.boot.test.autoconfigure.restdocs.RestDocsTestExecutionListener, org.springframework.boot.test.autoconfigure.web.client.MockRestServiceServerResetTestExecutionListener, org.springframework.boot.test.autoconfigure.web.servlet.MockMvcPrintOnlyOnFailureTestExecutionListener, org.springframework.boot.test.autoconfigure.web.servlet.WebDriverTestExecutionListener, org.springframework.boot.test.autoconfigure.webservices.client.MockWebServiceServerTestExecutionListener, org.springframework.boot.test.mock.mockito.MockitoTestExecutionListener, org.springframework.boot.test.mock.mockito.ResetMocksTestExecutionListener, org.springframework.test.context.web.ServletTestExecutionListener, org.springframework.test.context.support.DirtiesContextBeforeModesTestExecutionListener, org.springframework.test.context.event.ApplicationEventsTestExecutionListener, org.springframework.test.context.support.DependencyInjectionTestExecutionListener, org.springframework.test.context.support.DirtiesContextTestExecutionListener, org.springframework.test.context.transaction.TransactionalTestExecutionListener, org.springframework.test.context.jdbc.SqlScriptsTestExecutionListener, org.springframework.test.context.event.EventPublishingTestExecutionListener]
2021-08-18 00:09:05.428  INFO 17340 --- [    Test worker] .b.t.a.w.s.WebMvcTestContextBootstrapper : Using TestExecutionListeners: [org.springframework.test.context.web.ServletTestExecutionListener@6231b5cb, org.springframework.test.context.support.DirtiesContextBeforeModesTestExecutionListener@35c4a83f, org.springframework.test.context.event.ApplicationEventsTestExecutionListener@7831f157, org.springframework.boot.test.mock.mockito.MockitoTestExecutionListener@648f68, org.springframework.boot.test.autoconfigure.SpringBootDependencyInjectionTestExecutionListener@6f14fd42, org.springframework.test.context.support.DirtiesContextTestExecutionListener@7f8135cf, org.springframework.test.context.transaction.TransactionalTestExecutionListener@84dd821, org.springframework.test.context.jdbc.SqlScriptsTestExecutionListener@2c76198f, org.springframework.security.test.context.support.WithSecurityContextTestExecutionListener@64c01fae, org.springframework.test.context.event.EventPublishingTestExecutionListener@121961b4, org.springframework.security.test.context.support.ReactorContextTestExecutionListener@74733f06, org.springframework.boot.test.autoconfigure.restdocs.RestDocsTestExecutionListener@68d5fa66, org.springframework.boot.test.autoconfigure.web.client.MockRestServiceServerResetTestExecutionListener@c0cb5bd, org.springframework.boot.test.autoconfigure.web.servlet.MockMvcPrintOnlyOnFailureTestExecutionListener@55c16149, org.springframework.boot.test.autoconfigure.web.servlet.WebDriverTestExecutionListener@3827fff8, org.springframework.boot.test.autoconfigure.webservices.client.MockWebServiceServerTestExecutionListener@7f662450, org.springframework.boot.test.mock.mockito.ResetMocksTestExecutionListener@16aec75c]

  .   ____          _            __ _ _
 /\\ / ___'_ __ _ _(_)_ __  __ _ \ \ \ \
( ( )\___ | '_ | '_| | '_ \/ _` | \ \ \ \
 \\/  ___)| |_)| | | | | || (_| |  ) ) ) )
  '  |____| .__|_| |_|_| |_\__, | / / / /
 =========|_|==============|___/=/_/_/_/
 :: Spring Boot ::                (v2.5.2)

2021-08-18 00:09:05.478  INFO 17340 --- [    Test worker] c.B.ogym.controller.PTApiControllerTest  : Starting PTApiControllerTest using Java 11.0.1 on DESKTOP-H7093P3 with PID 17340 (started by juhyu in C:\ssafy-common-sub3\BackEnd)
2021-08-18 00:09:05.479  INFO 17340 --- [    Test worker] c.B.ogym.controller.PTApiControllerTest  : No active profile set, falling back to default profiles: default
2021-08-18 00:09:06.366  INFO 17340 --- [    Test worker] .s.s.UserDetailsServiceAutoConfiguration : 

Using generated security password: 76007941-86be-4c7c-b205-4970138821d6

2021-08-18 00:09:06.561  INFO 17340 --- [    Test worker] o.s.s.web.DefaultSecurityFilterChain     : Will secure any request with [org.springframework.security.web.context.request.async.WebAsyncManagerIntegrationFilter@5be86994, org.springframework.security.web.context.SecurityContextPersistenceFilter@538f74dc, org.springframework.security.web.header.HeaderWriterFilter@3d5948fa, org.springframework.security.web.csrf.CsrfFilter@8816629, org.springframework.security.web.authentication.logout.LogoutFilter@5bedf874, org.springframework.security.web.authentication.UsernamePasswordAuthenticationFilter@3cd5a5d0, org.springframework.security.web.authentication.ui.DefaultLoginPageGeneratingFilter@2b59ce62, org.springframework.security.web.authentication.ui.DefaultLogoutPageGeneratingFilter@1439ee04, org.springframework.security.web.authentication.www.BasicAuthenticationFilter@e8cd7a8, org.springframework.security.web.savedrequest.RequestCacheAwareFilter@33886992, org.springframework.security.web.servletapi.SecurityContextHolderAwareRequestFilter@44e1e981, org.springframework.security.web.authentication.AnonymousAuthenticationFilter@5533276, org.springframework.security.web.session.SessionManagementFilter@50bcf0cc, org.springframework.security.web.access.ExceptionTranslationFilter@4825084f, org.springframework.security.web.access.intercept.FilterSecurityInterceptor@20cdfa6f]
2021-08-18 00:09:06.640  INFO 17340 --- [    Test worker] o.s.b.t.m.w.SpringBootMockServletContext : Initializing Spring TestDispatcherServlet ''
2021-08-18 00:09:06.640  INFO 17340 --- [    Test worker] o.s.t.web.servlet.TestDispatcherServlet  : Initializing Servlet ''
2021-08-18 00:09:06.640  INFO 17340 --- [    Test worker] o.s.t.web.servlet.TestDispatcherServlet  : Completed initialization in 0 ms
2021-08-18 00:09:06.660  INFO 17340 --- [    Test worker] c.B.ogym.controller.PTApiControllerTest  : Started PTApiControllerTest in 1.228 seconds (JVM running for 8.681)
2021-08-18 00:09:06.673  INFO 17340 --- [    Test worker] o.s.b.t.m.w.SpringBootMockServletContext : Initializing Spring TestDispatcherServlet ''
2021-08-18 00:09:06.673  INFO 17340 --- [    Test worker] o.s.t.web.servlet.TestDispatcherServlet  : Initializing Servlet ''
2021-08-18 00:09:06.675  INFO 17340 --- [    Test worker] o.s.t.web.servlet.TestDispatcherServlet  : Completed initialization in 2 ms

MockHttpServletRequest:
      HTTP Method = POST
      Request URI = /api/pt/reservation
       Parameters = {}
          Headers = [Content-Type:"application/json;charset=UTF-8", Authorization:"JWT ACCESS TOKEN", Content-Length:"101"]
             Body = {"ptTeacherEmail":"student@naver.com","reservationTime":"2021-08-28T13:00:00","description":"상체"}
    Session Attrs = {}

Handler:
             Type = com.B305.ogym.controller.PTApiController
           Method = com.B305.ogym.controller.PTApiController#makeReservation(String, reservationRequest)

Async:
    Async started = false
     Async result = null

Resolved Exception:
             Type = com.B305.ogym.exception.user.UserNotFoundException

ModelAndView:
        View name = null
             View = null
            Model = null

FlashMap:
       Attributes = null

MockHttpServletResponse:
           Status = 404
    Error message = null
          Headers = [Content-Type:"text/plain;charset=UTF-8", Content-Length:"72"]
     Content type = text/plain;charset=UTF-8
             Body = 가입하지 않은 아이디이거나, 잘못된 비밀번호입니다.
    Forwarded URL = null
   Redirected URL = null
          Cookies = []
2021-08-18 00:09:07.063  INFO 17340 --- [    Test worker] o.s.b.t.m.w.SpringBootMockServletContext : Initializing Spring TestDispatcherServlet ''
2021-08-18 00:09:07.063  INFO 17340 --- [    Test worker] o.s.t.web.servlet.TestDispatcherServlet  : Initializing Servlet ''
2021-08-18 00:09:07.064  INFO 17340 --- [    Test worker] o.s.t.web.servlet.TestDispatcherServlet  : Completed initialization in 0 ms

MockHttpServletRequest:
      HTTP Method = GET
      Request URI = /api/pt/reservation
       Parameters = {}
          Headers = [Authorization:"JWT ACCESS TOKEN"]
             Body = null
    Session Attrs = {}

Handler:
             Type = com.B305.ogym.controller.PTApiController
           Method = com.B305.ogym.controller.PTApiController#getReservationTime(String)

Async:
    Async started = false
     Async result = null

Resolved Exception:
             Type = com.B305.ogym.exception.user.UserNotFoundException

ModelAndView:
        View name = null
             View = null
            Model = null

FlashMap:
       Attributes = null

MockHttpServletResponse:
           Status = 404
    Error message = null
          Headers = [Content-Type:"text/plain;charset=UTF-8", Content-Length:"72"]
     Content type = text/plain;charset=UTF-8
             Body = 가입하지 않은 아이디이거나, 잘못된 비밀번호입니다.
    Forwarded URL = null
   Redirected URL = null
          Cookies = []
2021-08-18 00:09:07.083  INFO 17340 --- [    Test worker] o.s.b.t.m.w.SpringBootMockServletContext : Initializing Spring TestDispatcherServlet ''
2021-08-18 00:09:07.084  INFO 17340 --- [    Test worker] o.s.t.web.servlet.TestDispatcherServlet  : Initializing Servlet ''
2021-08-18 00:09:07.085  INFO 17340 --- [    Test worker] o.s.t.web.servlet.TestDispatcherServlet  : Completed initialization in 1 ms

MockHttpServletRequest:
      HTTP Method = GET
      Request URI = /api/pt/nowreservation
       Parameters = {}
          Headers = [Authorization:"JWT ACCESS TOKEN"]
             Body = null
    Session Attrs = {}

Handler:
             Type = com.B305.ogym.controller.PTApiController
           Method = com.B305.ogym.controller.PTApiController#getNowReservation(String)

Async:
    Async started = false
     Async result = null

Resolved Exception:
             Type = null

ModelAndView:
        View name = null
             View = null
            Model = null

FlashMap:
       Attributes = null

MockHttpServletResponse:
           Status = 200
    Error message = null
          Headers = [Content-Type:"application/json;charset=UTF-8"]
     Content type = application/json;charset=UTF-8
             Body = {"statusCode":200,"message":"현재 예약 정보 조회에 성공했습니다.","data":{"teacherNickname":"트레이너","studentNickname":"학생"}}
    Forwarded URL = null
   Redirected URL = null
          Cookies = []
2021-08-18 00:09:07.118  INFO 17340 --- [    Test worker] o.s.b.t.m.w.SpringBootMockServletContext : Initializing Spring TestDispatcherServlet ''
2021-08-18 00:09:07.118  INFO 17340 --- [    Test worker] o.s.t.web.servlet.TestDispatcherServlet  : Initializing Servlet ''
2021-08-18 00:09:07.119  INFO 17340 --- [    Test worker] o.s.t.web.servlet.TestDispatcherServlet  : Completed initialization in 1 ms

MockHttpServletRequest:
      HTTP Method = DELETE
      Request URI = /api/pt/reservation
       Parameters = {}
          Headers = [Content-Type:"application/json;charset=UTF-8", Authorization:"JWT ACCESS TOKEN", Content-Length:"101"]
             Body = {"ptTeacherEmail":"student@naver.com","reservationTime":"2021-08-28T13:00:00","description":"상체"}
    Session Attrs = {}

Handler:
             Type = com.B305.ogym.controller.PTApiController
           Method = com.B305.ogym.controller.PTApiController#cancelReservation(String, reservationRequest)

Async:
    Async started = false
     Async result = null

Resolved Exception:
             Type = com.B305.ogym.exception.user.UserNotFoundException

ModelAndView:
        View name = null
             View = null
            Model = null

FlashMap:
       Attributes = null

MockHttpServletResponse:
           Status = 404
    Error message = null
          Headers = [Content-Type:"text/plain;charset=UTF-8", Content-Length:"72"]
     Content type = text/plain;charset=UTF-8
             Body = 가입하지 않은 아이디이거나, 잘못된 비밀번호입니다.
    Forwarded URL = null
   Redirected URL = null
          Cookies = []
2021-08-18 00:09:07.132  INFO 17340 --- [    Test worker] o.s.b.t.m.w.SpringBootMockServletContext : Initializing Spring TestDispatcherServlet ''
2021-08-18 00:09:07.132  INFO 17340 --- [    Test worker] o.s.t.web.servlet.TestDispatcherServlet  : Initializing Servlet ''
2021-08-18 00:09:07.133  INFO 17340 --- [    Test worker] o.s.t.web.servlet.TestDispatcherServlet  : Completed initialization in 1 ms

MockHttpServletRequest:
      HTTP Method = DELETE
      Request URI = /api/pt/reservation
       Parameters = {}
          Headers = [Content-Type:"application/json;charset=UTF-8", Authorization:"JWT ACCESS TOKEN", Content-Length:"101"]
             Body = {"ptTeacherEmail":"student@naver.com","reservationTime":"2021-08-28T13:00:00","description":"상체"}
    Session Attrs = {}

Handler:
             Type = com.B305.ogym.controller.PTApiController
           Method = com.B305.ogym.controller.PTApiController#cancelReservation(String, reservationRequest)

Async:
    Async started = false
     Async result = null

Resolved Exception:
             Type = null

ModelAndView:
        View name = null
             View = null
            Model = null

FlashMap:
       Attributes = null

MockHttpServletResponse:
           Status = 200
    Error message = null
          Headers = [Content-Type:"application/json;charset=UTF-8"]
     Content type = application/json;charset=UTF-8
             Body = {"statusCode":200,"message":"PT 삭제에 성공했습니다.","data":{}}
    Forwarded URL = null
   Redirected URL = null
          Cookies = []
2021-08-18 00:09:07.169  INFO 17340 --- [    Test worker] o.s.b.t.m.w.SpringBootMockServletContext : Initializing Spring TestDispatcherServlet ''
2021-08-18 00:09:07.170  INFO 17340 --- [    Test worker] o.s.t.web.servlet.TestDispatcherServlet  : Initializing Servlet ''
2021-08-18 00:09:07.171  INFO 17340 --- [    Test worker] o.s.t.web.servlet.TestDispatcherServlet  : Completed initialization in 1 ms

MockHttpServletRequest:
      HTTP Method = POST
      Request URI = /api/pt/reservation
       Parameters = {}
          Headers = [Content-Type:"application/json;charset=UTF-8", Authorization:"JWT ACCESS TOKEN", Content-Length:"101"]
             Body = {"ptTeacherEmail":"teacher@naver.com","reservationTime":"2021-08-28T13:00:00","description":"상체"}
    Session Attrs = {}

Handler:
             Type = com.B305.ogym.controller.PTApiController
           Method = com.B305.ogym.controller.PTApiController#makeReservation(String, reservationRequest)

Async:
    Async started = false
     Async result = null

Resolved Exception:
             Type = com.B305.ogym.exception.user.UserNotFoundException

ModelAndView:
        View name = null
             View = null
            Model = null

FlashMap:
       Attributes = null

MockHttpServletResponse:
           Status = 404
    Error message = null
          Headers = [Content-Type:"text/plain;charset=UTF-8", Content-Length:"72"]
     Content type = text/plain;charset=UTF-8
             Body = 가입하지 않은 아이디이거나, 잘못된 비밀번호입니다.
    Forwarded URL = null
   Redirected URL = null
          Cookies = []
2021-08-18 00:09:07.205  INFO 17340 --- [    Test worker] o.s.b.t.m.w.SpringBootMockServletContext : Initializing Spring TestDispatcherServlet ''
2021-08-18 00:09:07.205  INFO 17340 --- [    Test worker] o.s.t.web.servlet.TestDispatcherServlet  : Initializing Servlet ''
2021-08-18 00:09:07.206  INFO 17340 --- [    Test worker] o.s.t.web.servlet.TestDispatcherServlet  : Completed initialization in 1 ms

MockHttpServletRequest:
      HTTP Method = POST
      Request URI = /api/pt/reservation
       Parameters = {}
          Headers = [Content-Type:"application/json;charset=UTF-8", Authorization:"JWT ACCESS TOKEN", Content-Length:"101"]
             Body = {"ptTeacherEmail":"teacher@naver.com","reservationTime":"2021-08-28T13:00:00","description":"상체"}
    Session Attrs = {}

Handler:
             Type = com.B305.ogym.controller.PTApiController
           Method = com.B305.ogym.controller.PTApiController#makeReservation(String, reservationRequest)

Async:
    Async started = false
     Async result = null

Resolved Exception:
             Type = null

ModelAndView:
        View name = null
             View = null
            Model = null

FlashMap:
       Attributes = null

MockHttpServletResponse:
           Status = 201
    Error message = null
          Headers = [Content-Type:"application/json;charset=UTF-8"]
     Content type = application/json;charset=UTF-8
             Body = {"statusCode":201,"message":"PT예약에 성공하였습니다.","data":{}}
    Forwarded URL = null
   Redirected URL = null
          Cookies = []
2021-08-18 00:09:07.239  INFO 17340 --- [    Test worker] o.s.b.t.m.w.SpringBootMockServletContext : Initializing Spring TestDispatcherServlet ''
2021-08-18 00:09:07.239  INFO 17340 --- [    Test worker] o.s.t.web.servlet.TestDispatcherServlet  : Initializing Servlet ''
2021-08-18 00:09:07.240  INFO 17340 --- [    Test worker] o.s.t.web.servlet.TestDispatcherServlet  : Completed initialization in 1 ms

MockHttpServletRequest:
      HTTP Method = GET
      Request URI = /api/pt/reservation/teacher@naver.com
       Parameters = {}
          Headers = [Authorization:"JWT ACCESS TOKEN"]
             Body = null
    Session Attrs = {}

Handler:
             Type = com.B305.ogym.controller.PTApiController
           Method = com.B305.ogym.controller.PTApiController#getTeacherReservationTime(String)

Async:
    Async started = false
     Async result = null

Resolved Exception:
             Type = null

ModelAndView:
        View name = null
             View = null
            Model = null

FlashMap:
       Attributes = null

MockHttpServletResponse:
           Status = 200
    Error message = null
          Headers = [Content-Disposition:"inline;filename=f.txt", Content-Type:"application/json;charset=UTF-8"]
     Content type = application/json;charset=UTF-8
             Body = {"statusCode":200,"message":"해당 선생님의 예약된 시간 조회에 성공했습니다.","data":["2021-08-28T13:00:00"]}
    Forwarded URL = null
   Redirected URL = null
          Cookies = []
2021-08-18 00:09:07.309  INFO 17340 --- [    Test worker] o.s.b.t.m.w.SpringBootMockServletContext : Initializing Spring TestDispatcherServlet ''
2021-08-18 00:09:07.309  INFO 17340 --- [    Test worker] o.s.t.web.servlet.TestDispatcherServlet  : Initializing Servlet ''
2021-08-18 00:09:07.310  INFO 17340 --- [    Test worker] o.s.t.web.servlet.TestDispatcherServlet  : Completed initialization in 1 ms

MockHttpServletRequest:
      HTTP Method = DELETE
      Request URI = /api/pt/reservation
       Parameters = {}
          Headers = [Content-Type:"application/json;charset=UTF-8", Authorization:"JWT ACCESS TOKEN", Content-Length:"101"]
             Body = {"ptTeacherEmail":"student@naver.com","reservationTime":"2021-08-28T13:00:00","description":"상체"}
    Session Attrs = {}

Handler:
             Type = com.B305.ogym.controller.PTApiController
           Method = com.B305.ogym.controller.PTApiController#cancelReservation(String, reservationRequest)

Async:
    Async started = false
     Async result = null

Resolved Exception:
             Type = com.B305.ogym.exception.user.UserNotFoundException

ModelAndView:
        View name = null
             View = null
            Model = null

FlashMap:
       Attributes = null

MockHttpServletResponse:
           Status = 404
    Error message = null
          Headers = [Content-Type:"text/plain;charset=UTF-8", Content-Length:"72"]
     Content type = text/plain;charset=UTF-8
             Body = 가입하지 않은 아이디이거나, 잘못된 비밀번호입니다.
    Forwarded URL = null
   Redirected URL = null
          Cookies = []
2021-08-18 00:09:07.323  INFO 17340 --- [    Test worker] o.s.b.t.m.w.SpringBootMockServletContext : Initializing Spring TestDispatcherServlet ''
2021-08-18 00:09:07.323  INFO 17340 --- [    Test worker] o.s.t.web.servlet.TestDispatcherServlet  : Initializing Servlet ''
2021-08-18 00:09:07.323  INFO 17340 --- [    Test worker] o.s.t.web.servlet.TestDispatcherServlet  : Completed initialization in 0 ms

MockHttpServletRequest:
      HTTP Method = GET
      Request URI = /api/pt/reservation/teacher@naver.com
       Parameters = {}
          Headers = [Authorization:"JWT ACCESS TOKEN"]
             Body = null
    Session Attrs = {}

Handler:
             Type = com.B305.ogym.controller.PTApiController
           Method = com.B305.ogym.controller.PTApiController#getTeacherReservationTime(String)

Async:
    Async started = false
     Async result = null

Resolved Exception:
             Type = com.B305.ogym.exception.user.UserNotFoundException

ModelAndView:
        View name = null
             View = null
            Model = null

FlashMap:
       Attributes = null

MockHttpServletResponse:
           Status = 404
    Error message = null
          Headers = [Content-Disposition:"inline;filename=f.txt", Content-Type:"text/plain;charset=UTF-8", Content-Length:"72"]
     Content type = text/plain;charset=UTF-8
             Body = 가입하지 않은 아이디이거나, 잘못된 비밀번호입니다.
    Forwarded URL = null
   Redirected URL = null
          Cookies = []
2021-08-18 00:09:07.334  INFO 17340 --- [    Test worker] o.s.b.t.m.w.SpringBootMockServletContext : Initializing Spring TestDispatcherServlet ''
2021-08-18 00:09:07.334  INFO 17340 --- [    Test worker] o.s.t.web.servlet.TestDispatcherServlet  : Initializing Servlet ''
2021-08-18 00:09:07.334  INFO 17340 --- [    Test worker] o.s.t.web.servlet.TestDispatcherServlet  : Completed initialization in 0 ms

MockHttpServletRequest:
      HTTP Method = GET
      Request URI = /api/pt/reservation
       Parameters = {}
          Headers = [Authorization:"JWT ACCESS TOKEN"]
             Body = null
    Session Attrs = {}

Handler:
             Type = com.B305.ogym.controller.PTApiController
           Method = com.B305.ogym.controller.PTApiController#getReservationTime(String)

Async:
    Async started = false
     Async result = null

Resolved Exception:
             Type = null

ModelAndView:
        View name = null
             View = null
            Model = null

FlashMap:
       Attributes = null

MockHttpServletResponse:
           Status = 200
    Error message = null
          Headers = [Content-Type:"application/json;charset=UTF-8"]
     Content type = application/json;charset=UTF-8
             Body = {"statusCode":200,"message":"예약 시간 조회에 성공했습니다.","data":[]}
    Forwarded URL = null
   Redirected URL = null
          Cookies = []
2021-08-18 00:09:07.359  INFO 17340 --- [    Test worker] o.s.b.t.m.w.SpringBootMockServletContext : Initializing Spring TestDispatcherServlet ''
2021-08-18 00:09:07.359  INFO 17340 --- [    Test worker] o.s.t.web.servlet.TestDispatcherServlet  : Initializing Servlet ''
2021-08-18 00:09:07.359  INFO 17340 --- [    Test worker] o.s.t.web.servlet.TestDispatcherServlet  : Completed initialization in 0 ms

MockHttpServletRequest:
      HTTP Method = DELETE
      Request URI = /api/pt/reservation
       Parameters = {}
          Headers = [Content-Type:"application/json;charset=UTF-8", Authorization:"JWT ACCESS TOKEN", Content-Length:"101"]
             Body = {"ptTeacherEmail":"student@naver.com","reservationTime":"2021-08-28T13:00:00","description":"상체"}
    Session Attrs = {}

Handler:
             Type = com.B305.ogym.controller.PTApiController
           Method = com.B305.ogym.controller.PTApiController#cancelReservation(String, reservationRequest)

Async:
    Async started = false
     Async result = null

Resolved Exception:
             Type = com.B305.ogym.exception.user.UserNotFoundException

ModelAndView:
        View name = null
             View = null
            Model = null

FlashMap:
       Attributes = null

MockHttpServletResponse:
           Status = 404
    Error message = null
          Headers = [Content-Type:"text/plain;charset=UTF-8", Content-Length:"72"]
     Content type = text/plain;charset=UTF-8
             Body = 가입하지 않은 아이디이거나, 잘못된 비밀번호입니다.
    Forwarded URL = null
   Redirected URL = null
          Cookies = []
2021-08-18 00:09:07.370  INFO 17340 --- [    Test worker] o.s.b.t.m.w.SpringBootMockServletContext : Initializing Spring TestDispatcherServlet ''
2021-08-18 00:09:07.370  INFO 17340 --- [    Test worker] o.s.t.web.servlet.TestDispatcherServlet  : Initializing Servlet ''
2021-08-18 00:09:07.371  INFO 17340 --- [    Test worker] o.s.t.web.servlet.TestDispatcherServlet  : Completed initialization in 1 ms
check서현진

MockHttpServletRequest:
      HTTP Method = GET
      Request URI = /api/pt/teacherlist
       Parameters = {page=[0], size=[10], name=[서현진], gender=[WOMAN], minPrice=[100], maxPrice=[200000], minAge=[1], maxAge=[100]}
          Headers = [Authorization:"JWT ACCESS TOKEN"]
             Body = null
    Session Attrs = {}

Handler:
             Type = com.B305.ogym.controller.PTApiController
           Method = com.B305.ogym.controller.PTApiController#teacherList(SearchDto, Pageable)

Async:
    Async started = false
     Async result = null

Resolved Exception:
             Type = null

ModelAndView:
        View name = null
             View = null
            Model = null

FlashMap:
       Attributes = null

MockHttpServletResponse:
           Status = 200
    Error message = null
          Headers = [Content-Type:"application/json;charset=UTF-8"]
     Content type = application/json;charset=UTF-8
             Body = {"statusCode":200,"message":"PT 선생님 리스트 불러오기에 성공하였습니다.","data":{"teacherList":[{"username":"서현진","gender":"WOMAN","age":21,"nickname":"오해영","tel":"010-2021-0105","email":"eggkim5@ssafy.com","profilePicture":null,"starRating":4.8,"major":"특공무술","price":200000,"description":"좋았어. 거짓은 머리털만큼도 없다! 신뢰와 정직으로 모시겠습니다","snsList":[],"careers":[],"reservations":[],"certificates":[]}],"totalPages":0,"totalElements":0,"numberOfElements":0}}
    Forwarded URL = null
   Redirected URL = null
          Cookies = []
]]></system-out>
  <system-err><![CDATA[]]></system-err>
</testsuite>
