<?xml version="1.0" encoding="UTF-8"?>
<testsuite name="com.B305.ogym.controller.CommonDocumentationTests" tests="2" skipped="0" failures="0" errors="0" timestamp="2021-08-17T02:05:24" hostname="DESKTOP-H7093P3" time="0.309">
  <properties/>
  <testcase name="commonResponse()" classname="com.B305.ogym.controller.CommonDocumentationTests" time="0.261"/>
  <testcase name="apiResponseCode()" classname="com.B305.ogym.controller.CommonDocumentationTests" time="0.046"/>
  <system-out><![CDATA[11:05:20.435 [Test worker] DEBUG org.springframework.test.context.BootstrapUtils - Instantiating CacheAwareContextLoaderDelegate from class [org.springframework.test.context.cache.DefaultCacheAwareContextLoaderDelegate]
11:05:20.452 [Test worker] DEBUG org.springframework.test.context.BootstrapUtils - Instantiating BootstrapContext using constructor [public org.springframework.test.context.support.DefaultBootstrapContext(java.lang.Class,org.springframework.test.context.CacheAwareContextLoaderDelegate)]
11:05:20.500 [Test worker] DEBUG org.springframework.test.context.BootstrapUtils - Instantiating TestContextBootstrapper for test class [com.B305.ogym.controller.CommonDocumentationTests] from class [org.springframework.boot.test.autoconfigure.web.servlet.WebMvcTestContextBootstrapper]
11:05:20.511 [Test worker] INFO org.springframework.boot.test.autoconfigure.web.servlet.WebMvcTestContextBootstrapper - Neither @ContextConfiguration nor @ContextHierarchy found for test class [com.B305.ogym.controller.CommonDocumentationTests], using SpringBootContextLoader
11:05:20.516 [Test worker] DEBUG org.springframework.test.context.support.AbstractContextLoader - Did not detect default resource location for test class [com.B305.ogym.controller.CommonDocumentationTests]: class path resource [com/B305/ogym/controller/CommonDocumentationTests-context.xml] does not exist
11:05:20.516 [Test worker] DEBUG org.springframework.test.context.support.AbstractContextLoader - Did not detect default resource location for test class [com.B305.ogym.controller.CommonDocumentationTests]: class path resource [com/B305/ogym/controller/CommonDocumentationTestsContext.groovy] does not exist
11:05:20.516 [Test worker] INFO org.springframework.test.context.support.AbstractContextLoader - Could not detect default resource locations for test class [com.B305.ogym.controller.CommonDocumentationTests]: no resource found for suffixes {-context.xml, Context.groovy}.
11:05:20.517 [Test worker] INFO org.springframework.test.context.support.AnnotationConfigContextLoaderUtils - Could not detect default configuration classes for test class [com.B305.ogym.controller.CommonDocumentationTests]: CommonDocumentationTests does not declare any static, non-private, non-final, nested classes annotated with @Configuration.
11:05:20.598 [Test worker] DEBUG org.springframework.test.context.support.ActiveProfilesUtils - Could not find an 'annotation declaring class' for annotation type [org.springframework.test.context.ActiveProfiles] and class [com.B305.ogym.controller.CommonDocumentationTests]
11:05:20.682 [Test worker] DEBUG org.springframework.context.annotation.ClassPathScanningCandidateComponentProvider - Identified candidate component class: file [C:\ssafy-common-sub3\BackEnd\build\classes\java\main\com\B305\ogym\OgymApplication.class]
11:05:20.683 [Test worker] INFO org.springframework.boot.test.context.SpringBootTestContextBootstrapper - Found @SpringBootConfiguration com.B305.ogym.OgymApplication for test class com.B305.ogym.controller.CommonDocumentationTests
11:05:20.686 [Test worker] DEBUG org.springframework.boot.test.autoconfigure.web.servlet.WebMvcTestContextBootstrapper - @TestExecutionListeners is not present for class [com.B305.ogym.controller.CommonDocumentationTests]: using defaults.
11:05:20.687 [Test worker] INFO org.springframework.boot.test.autoconfigure.web.servlet.WebMvcTestContextBootstrapper - Loaded default TestExecutionListener class names from location [META-INF/spring.factories]: [org.springframework.security.test.context.support.WithSecurityContextTestExecutionListener, org.springframework.security.test.context.support.ReactorContextTestExecutionListener, org.springframework.boot.test.autoconfigure.restdocs.RestDocsTestExecutionListener, org.springframework.boot.test.autoconfigure.web.client.MockRestServiceServerResetTestExecutionListener, org.springframework.boot.test.autoconfigure.web.servlet.MockMvcPrintOnlyOnFailureTestExecutionListener, org.springframework.boot.test.autoconfigure.web.servlet.WebDriverTestExecutionListener, org.springframework.boot.test.autoconfigure.webservices.client.MockWebServiceServerTestExecutionListener, org.springframework.boot.test.mock.mockito.MockitoTestExecutionListener, org.springframework.boot.test.mock.mockito.ResetMocksTestExecutionListener, org.springframework.test.context.web.ServletTestExecutionListener, org.springframework.test.context.support.DirtiesContextBeforeModesTestExecutionListener, org.springframework.test.context.event.ApplicationEventsTestExecutionListener, org.springframework.test.context.support.DependencyInjectionTestExecutionListener, org.springframework.test.context.support.DirtiesContextTestExecutionListener, org.springframework.test.context.transaction.TransactionalTestExecutionListener, org.springframework.test.context.jdbc.SqlScriptsTestExecutionListener, org.springframework.test.context.event.EventPublishingTestExecutionListener]
11:05:20.711 [Test worker] INFO org.springframework.boot.test.autoconfigure.web.servlet.WebMvcTestContextBootstrapper - Using TestExecutionListeners: [org.springframework.test.context.web.ServletTestExecutionListener@39784af2, org.springframework.test.context.support.DirtiesContextBeforeModesTestExecutionListener@ab2f0d0, org.springframework.test.context.event.ApplicationEventsTestExecutionListener@4e7a6474, org.springframework.boot.test.mock.mockito.MockitoTestExecutionListener@61f4409c, org.springframework.boot.test.autoconfigure.SpringBootDependencyInjectionTestExecutionListener@1a20a98a, org.springframework.test.context.support.DirtiesContextTestExecutionListener@709ee6e, org.springframework.test.context.transaction.TransactionalTestExecutionListener@1a4d733f, org.springframework.test.context.jdbc.SqlScriptsTestExecutionListener@59fe204a, org.springframework.security.test.context.support.WithSecurityContextTestExecutionListener@468dbe06, org.springframework.test.context.event.EventPublishingTestExecutionListener@ebf5227, org.springframework.security.test.context.support.ReactorContextTestExecutionListener@7f1a0c44, org.springframework.boot.test.autoconfigure.restdocs.RestDocsTestExecutionListener@574e8f9d, org.springframework.boot.test.autoconfigure.web.client.MockRestServiceServerResetTestExecutionListener@7c1866fc, org.springframework.boot.test.autoconfigure.web.servlet.MockMvcPrintOnlyOnFailureTestExecutionListener@8c23d32, org.springframework.boot.test.autoconfigure.web.servlet.WebDriverTestExecutionListener@27156842, org.springframework.boot.test.autoconfigure.webservices.client.MockWebServiceServerTestExecutionListener@484295a, org.springframework.boot.test.mock.mockito.ResetMocksTestExecutionListener@3b9480b0]
11:05:20.716 [Test worker] DEBUG org.springframework.test.context.support.AbstractDirtiesContextTestExecutionListener - Before test class: context [DefaultTestContext@4d5931e testClass = CommonDocumentationTests, testInstance = [null], testMethod = [null], testException = [null], mergedContextConfiguration = [WebMergedContextConfiguration@3d809154 testClass = CommonDocumentationTests, locations = '{}', classes = '{class com.B305.ogym.OgymApplication}', contextInitializerClasses = '[]', activeProfiles = '{}', propertySourceLocations = '{}', propertySourceProperties = '{org.springframework.boot.test.autoconfigure.web.servlet.WebMvcTestContextBootstrapper=true}', contextCustomizers = set[org.springframework.boot.test.autoconfigure.OverrideAutoConfigurationContextCustomizerFactory$DisableAutoConfigurationContextCustomizer@16f3e5b5, org.springframework.boot.test.autoconfigure.actuate.metrics.MetricsExportContextCustomizerFactory$DisableMetricExportContextCustomizer@330a4e2f, org.springframework.boot.test.autoconfigure.filter.TypeExcludeFiltersContextCustomizer@89288a5f, org.springframework.boot.test.autoconfigure.properties.PropertyMappingContextCustomizer@f72b0a95, org.springframework.boot.test.autoconfigure.web.servlet.WebDriverContextCustomizerFactory$Customizer@2c49cdc2, [ImportsContextCustomizer@6b56214 key = [org.springframework.boot.autoconfigure.cache.CacheAutoConfiguration, org.springframework.boot.autoconfigure.context.MessageSourceAutoConfiguration, org.springframework.boot.autoconfigure.data.web.SpringDataWebAutoConfiguration, org.springframework.boot.autoconfigure.freemarker.FreeMarkerAutoConfiguration, org.springframework.boot.autoconfigure.groovy.template.GroovyTemplateAutoConfiguration, org.springframework.boot.autoconfigure.gson.GsonAutoConfiguration, org.springframework.boot.autoconfigure.hateoas.HypermediaAutoConfiguration, org.springframework.boot.autoconfigure.http.HttpMessageConvertersAutoConfiguration, org.springframework.boot.autoconfigure.jackson.JacksonAutoConfiguration, org.springframework.boot.autoconfigure.jsonb.JsonbAutoConfiguration, org.springframework.boot.autoconfigure.mustache.MustacheAutoConfiguration, org.springframework.boot.autoconfigure.task.TaskExecutionAutoConfiguration, org.springframework.boot.autoconfigure.thymeleaf.ThymeleafAutoConfiguration, org.springframework.boot.autoconfigure.validation.ValidationAutoConfiguration, org.springframework.boot.autoconfigure.web.servlet.error.ErrorMvcAutoConfiguration, org.springframework.boot.autoconfigure.web.servlet.HttpEncodingAutoConfiguration, org.springframework.boot.autoconfigure.web.servlet.WebMvcAutoConfiguration, org.springframework.boot.test.autoconfigure.web.servlet.MockMvcAutoConfiguration, org.springframework.boot.test.autoconfigure.web.servlet.MockMvcWebClientAutoConfiguration, org.springframework.boot.test.autoconfigure.web.servlet.MockMvcWebDriverAutoConfiguration, org.springframework.boot.autoconfigure.security.oauth2.client.servlet.OAuth2ClientAutoConfiguration, org.springframework.boot.autoconfigure.security.oauth2.resource.servlet.OAuth2ResourceServerAutoConfiguration, org.springframework.boot.autoconfigure.security.servlet.SecurityAutoConfiguration, org.springframework.boot.autoconfigure.security.servlet.SecurityFilterAutoConfiguration, org.springframework.boot.autoconfigure.security.servlet.UserDetailsServiceAutoConfiguration, org.springframework.boot.test.autoconfigure.web.servlet.MockMvcSecurityConfiguration]], org.springframework.boot.test.context.filter.ExcludeFilterContextCustomizer@4a0ddfc1, org.springframework.boot.test.json.DuplicateJsonObjectContextCustomizerFactory$DuplicateJsonObjectContextCustomizer@65704c4d, org.springframework.boot.test.mock.mockito.MockitoContextCustomizer@1e761c05, org.springframework.boot.test.context.SpringBootTestArgs@1, org.springframework.boot.test.context.SpringBootTestWebEnvironment@0], resourceBasePath = 'src/main/webapp', contextLoader = 'org.springframework.boot.test.context.SpringBootContextLoader', parent = [null]], attributes = map[[empty]]], class annotated with @DirtiesContext [false] with mode [null].
11:05:20.762 [Test worker] DEBUG org.springframework.test.context.support.TestPropertySourceUtils - Adding inlined properties to environment: {spring.jmx.enabled=false, org.springframework.boot.test.autoconfigure.web.servlet.WebMvcTestContextBootstrapper=true}

  .   ____          _            __ _ _
 /\\ / ___'_ __ _ _(_)_ __  __ _ \ \ \ \
( ( )\___ | '_ | '_| | '_ \/ _` | \ \ \ \
 \\/  ___)| |_)| | | | | || (_| |  ) ) ) )
  '  |____| .__|_| |_|_| |_\__, | / / / /
 =========|_|==============|___/=/_/_/_/
 :: Spring Boot ::                (v2.5.2)

2021-08-17 11:05:21.284  INFO 22164 --- [    Test worker] c.B.o.c.CommonDocumentationTests         : Starting CommonDocumentationTests using Java 11.0.1 on DESKTOP-H7093P3 with PID 22164 (started by juhyu in C:\ssafy-common-sub3\BackEnd)
2021-08-17 11:05:21.287  INFO 22164 --- [    Test worker] c.B.o.c.CommonDocumentationTests         : No active profile set, falling back to default profiles: default
2021-08-17 11:05:24.165  INFO 22164 --- [    Test worker] .s.s.UserDetailsServiceAutoConfiguration : 

Using generated security password: aea3a04a-f606-4616-905e-415dd58c1fa7

2021-08-17 11:05:24.497  INFO 22164 --- [    Test worker] o.s.s.web.DefaultSecurityFilterChain     : Will secure any request with [org.springframework.security.web.context.request.async.WebAsyncManagerIntegrationFilter@70a19ab9, org.springframework.security.web.context.SecurityContextPersistenceFilter@5b531e04, org.springframework.security.web.header.HeaderWriterFilter@27487636, org.springframework.security.web.csrf.CsrfFilter@7ed16314, org.springframework.security.web.authentication.logout.LogoutFilter@4525a501, org.springframework.security.web.authentication.UsernamePasswordAuthenticationFilter@6ff360c2, org.springframework.security.web.authentication.ui.DefaultLoginPageGeneratingFilter@2b984d59, org.springframework.security.web.authentication.ui.DefaultLogoutPageGeneratingFilter@c5385b0, org.springframework.security.web.authentication.www.BasicAuthenticationFilter@14f292a0, org.springframework.security.web.savedrequest.RequestCacheAwareFilter@17e62ad2, org.springframework.security.web.servletapi.SecurityContextHolderAwareRequestFilter@38ac113a, org.springframework.security.web.authentication.AnonymousAuthenticationFilter@cb46108, org.springframework.security.web.session.SessionManagementFilter@21bb1af3, org.springframework.security.web.access.ExceptionTranslationFilter@1e89bc29, org.springframework.security.web.access.intercept.FilterSecurityInterceptor@66569963]
2021-08-17 11:05:24.660  INFO 22164 --- [    Test worker] o.s.b.t.m.w.SpringBootMockServletContext : Initializing Spring TestDispatcherServlet ''
2021-08-17 11:05:24.660  INFO 22164 --- [    Test worker] o.s.t.web.servlet.TestDispatcherServlet  : Initializing Servlet ''
2021-08-17 11:05:24.662  INFO 22164 --- [    Test worker] o.s.t.web.servlet.TestDispatcherServlet  : Completed initialization in 2 ms
2021-08-17 11:05:24.698  INFO 22164 --- [    Test worker] c.B.o.c.CommonDocumentationTests         : Started CommonDocumentationTests in 3.926 seconds (JVM running for 5.451)
2021-08-17 11:05:24.768  INFO 22164 --- [    Test worker] o.s.b.t.m.w.SpringBootMockServletContext : Initializing Spring TestDispatcherServlet ''
2021-08-17 11:05:24.768  INFO 22164 --- [    Test worker] o.s.t.web.servlet.TestDispatcherServlet  : Initializing Servlet ''
2021-08-17 11:05:24.769  INFO 22164 --- [    Test worker] o.s.t.web.servlet.TestDispatcherServlet  : Completed initialization in 1 ms

MockHttpServletRequest:
      HTTP Method = GET
      Request URI = /docs/commonResponse
       Parameters = {}
          Headers = []
             Body = null
    Session Attrs = {}

Handler:
             Type = com.B305.ogym.api.controller.EnumViewController
           Method = com.B305.ogym.api.controller.EnumViewController#commonResponse()

Async:
    Async started = false
     Async result = null

Resolved Exception:
             Type = null

ModelAndView:
        View name = null
             View = null
            Model = null

FlashMap:
       Attributes = null

MockHttpServletResponse:
           Status = 200
    Error message = null
          Headers = [Content-Type:"application/json;charset=UTF-8"]
     Content type = application/json;charset=UTF-8
             Body = {"data":"데이터","message":"메시지","statusCode":"HTTP STATUS"}
    Forwarded URL = null
   Redirected URL = null
          Cookies = []
2021-08-17 11:05:24.979  INFO 22164 --- [    Test worker] o.s.b.t.m.w.SpringBootMockServletContext : Initializing Spring TestDispatcherServlet ''
2021-08-17 11:05:24.979  INFO 22164 --- [    Test worker] o.s.t.web.servlet.TestDispatcherServlet  : Initializing Servlet ''
2021-08-17 11:05:24.980  INFO 22164 --- [    Test worker] o.s.t.web.servlet.TestDispatcherServlet  : Completed initialization in 1 ms

MockHttpServletRequest:
      HTTP Method = GET
      Request URI = /docs/apiResponseCode
       Parameters = {}
          Headers = []
             Body = null
    Session Attrs = {}

Handler:
             Type = com.B305.ogym.api.controller.EnumViewController
           Method = com.B305.ogym.api.controller.EnumViewController#apiResponseCode()

Async:
    Async started = false
     Async result = null

Resolved Exception:
             Type = null

ModelAndView:
        View name = null
             View = null
            Model = null

FlashMap:
       Attributes = null

MockHttpServletResponse:
           Status = 200
    Error message = null
          Headers = [Content-Type:"application/json;charset=UTF-8"]
     Content type = application/json;charset=UTF-8
             Body = {"UNAUTHORIZED_USER":"인증되지 않는 유저에게 발생하는 에러입니다.","TEACHER_NOT_FOUND":"대상 트레이너를 찾을 수 없을 때 발생하는 에러입니다.","USER_NOT_FOUND":"유저를 찾을 수 없을 때 발생하는 에러입니다.","DUPLICATION_EMAIL":"이메일 중복 시 발생하는 에러입니다.","VALIDATION_FAILED":"유효성 조건을 만족하지 못한 경우 발생하는 에러입니다.","DUPLICATION_RESERVATION":"예약 중복 시 발생하는 에러입니다.","DUPLICATION_NICKNAME":"닉네임 중복 시 발생하는 에러입니다.","RESERVATION_NOT_FOUND":"예약을 찾을 수 없을 때 발생하는 에러입니다.","OK":"요청이 성공하였습니다.","DUPLICATION_MONTH":"월별 데이터 중복 시 발생하는 에러입니다.","NOT_VALID_PARAM":"파라미터가 유효하지 않을 때 발생하는 에러입니다."}
    Forwarded URL = null
   Redirected URL = null
          Cookies = []
]]></system-out>
  <system-err><![CDATA[]]></system-err>
</testsuite>
