<?xml version="1.0" encoding="UTF-8"?>
<testsuite name="com.B305.ogym.controller.PTApiControllerTest" tests="12" skipped="0" failures="0" errors="0" timestamp="2021-08-17T02:05:27" hostname="DESKTOP-H7093P3" time="0.688">
  <properties/>
  <testcase name="PT 예약하기 - 해당하는 선생님 이메일이 존재하지 않아 실패" classname="com.B305.ogym.controller.PTApiControllerTest" time="0.326"/>
  <testcase name="유저의 예약된 시간 조회 - 실패" classname="com.B305.ogym.controller.PTApiControllerTest" time="0.016"/>
  <testcase name="PT 예약 취소하기 - 요청한 학생이 존재하지 않아 실패" classname="com.B305.ogym.controller.PTApiControllerTest" time="0.012"/>
  <testcase name="PT 예약 취소하기 - 성공" classname="com.B305.ogym.controller.PTApiControllerTest" time="0.038"/>
  <testcase name="PT 예약하기 - 해당하는 학생 이메일이 존재하지 않아 실패" classname="com.B305.ogym.controller.PTApiControllerTest" time="0.034"/>
  <testcase name="PT 예약하기 - 성공" classname="com.B305.ogym.controller.PTApiControllerTest" time="0.034"/>
  <testcase name="선생님 예약 불가 시간 조회 - 성공" classname="com.B305.ogym.controller.PTApiControllerTest" time="0.06"/>
  <testcase name="PT 예약 취소하기 - 제거 요청한 예약이 존재하지 않아 실패" classname="com.B305.ogym.controller.PTApiControllerTest" time="0.012"/>
  <testcase name="선생님 예약 불가 시간 조회 - 실패" classname="com.B305.ogym.controller.PTApiControllerTest" time="0.012"/>
  <testcase name="유저의 예약된 시간 조회 - 성공" classname="com.B305.ogym.controller.PTApiControllerTest" time="0.026"/>
  <testcase name="PT 예약 취소하기 - 요청한 트레이너가 존재하지 않아 실패" classname="com.B305.ogym.controller.PTApiControllerTest" time="0.012"/>
  <testcase name="선생님 리스트 불러오기 - 성공" classname="com.B305.ogym.controller.PTApiControllerTest" time="0.089"/>
  <system-out><![CDATA[2021-08-17 11:05:26.412  INFO 22164 --- [    Test worker] .b.t.a.w.s.WebMvcTestContextBootstrapper : Neither @ContextConfiguration nor @ContextHierarchy found for test class [com.B305.ogym.controller.PTApiControllerTest], using SpringBootContextLoader
2021-08-17 11:05:26.413  INFO 22164 --- [    Test worker] o.s.t.c.support.AbstractContextLoader    : Could not detect default resource locations for test class [com.B305.ogym.controller.PTApiControllerTest]: no resource found for suffixes {-context.xml, Context.groovy}.
2021-08-17 11:05:26.413  INFO 22164 --- [    Test worker] t.c.s.AnnotationConfigContextLoaderUtils : Could not detect default configuration classes for test class [com.B305.ogym.controller.PTApiControllerTest]: PTApiControllerTest does not declare any static, non-private, non-final, nested classes annotated with @Configuration.
2021-08-17 11:05:26.416  INFO 22164 --- [    Test worker] .b.t.c.SpringBootTestContextBootstrapper : Found @SpringBootConfiguration com.B305.ogym.OgymApplication for test class com.B305.ogym.controller.PTApiControllerTest
2021-08-17 11:05:26.417  INFO 22164 --- [    Test worker] .b.t.a.w.s.WebMvcTestContextBootstrapper : Loaded default TestExecutionListener class names from location [META-INF/spring.factories]: [org.springframework.security.test.context.support.WithSecurityContextTestExecutionListener, org.springframework.security.test.context.support.ReactorContextTestExecutionListener, org.springframework.boot.test.autoconfigure.restdocs.RestDocsTestExecutionListener, org.springframework.boot.test.autoconfigure.web.client.MockRestServiceServerResetTestExecutionListener, org.springframework.boot.test.autoconfigure.web.servlet.MockMvcPrintOnlyOnFailureTestExecutionListener, org.springframework.boot.test.autoconfigure.web.servlet.WebDriverTestExecutionListener, org.springframework.boot.test.autoconfigure.webservices.client.MockWebServiceServerTestExecutionListener, org.springframework.boot.test.mock.mockito.MockitoTestExecutionListener, org.springframework.boot.test.mock.mockito.ResetMocksTestExecutionListener, org.springframework.test.context.web.ServletTestExecutionListener, org.springframework.test.context.support.DirtiesContextBeforeModesTestExecutionListener, org.springframework.test.context.event.ApplicationEventsTestExecutionListener, org.springframework.test.context.support.DependencyInjectionTestExecutionListener, org.springframework.test.context.support.DirtiesContextTestExecutionListener, org.springframework.test.context.transaction.TransactionalTestExecutionListener, org.springframework.test.context.jdbc.SqlScriptsTestExecutionListener, org.springframework.test.context.event.EventPublishingTestExecutionListener]
2021-08-17 11:05:26.417  INFO 22164 --- [    Test worker] .b.t.a.w.s.WebMvcTestContextBootstrapper : Using TestExecutionListeners: [org.springframework.test.context.web.ServletTestExecutionListener@5e0688fb, org.springframework.test.context.support.DirtiesContextBeforeModesTestExecutionListener@797e2599, org.springframework.test.context.event.ApplicationEventsTestExecutionListener@305a3af0, org.springframework.boot.test.mock.mockito.MockitoTestExecutionListener@3bec1bd9, org.springframework.boot.test.autoconfigure.SpringBootDependencyInjectionTestExecutionListener@51c70d0f, org.springframework.test.context.support.DirtiesContextTestExecutionListener@599db843, org.springframework.test.context.transaction.TransactionalTestExecutionListener@38f1843a, org.springframework.test.context.jdbc.SqlScriptsTestExecutionListener@6398722e, org.springframework.security.test.context.support.WithSecurityContextTestExecutionListener@a5eb427, org.springframework.test.context.event.EventPublishingTestExecutionListener@3eb55a8f, org.springframework.security.test.context.support.ReactorContextTestExecutionListener@a51d937, org.springframework.boot.test.autoconfigure.restdocs.RestDocsTestExecutionListener@2a78d351, org.springframework.boot.test.autoconfigure.web.client.MockRestServiceServerResetTestExecutionListener@55f8a5b5, org.springframework.boot.test.autoconfigure.web.servlet.MockMvcPrintOnlyOnFailureTestExecutionListener@410deca7, org.springframework.boot.test.autoconfigure.web.servlet.WebDriverTestExecutionListener@45110dd0, org.springframework.boot.test.autoconfigure.webservices.client.MockWebServiceServerTestExecutionListener@291fbc78, org.springframework.boot.test.mock.mockito.ResetMocksTestExecutionListener@395a71e3]

  .   ____          _            __ _ _
 /\\ / ___'_ __ _ _(_)_ __  __ _ \ \ \ \
( ( )\___ | '_ | '_| | '_ \/ _` | \ \ \ \
 \\/  ___)| |_)| | | | | || (_| |  ) ) ) )
  '  |____| .__|_| |_|_| |_\__, | / / / /
 =========|_|==============|___/=/_/_/_/
 :: Spring Boot ::                (v2.5.2)

2021-08-17 11:05:26.458  INFO 22164 --- [    Test worker] c.B.ogym.controller.PTApiControllerTest  : Starting PTApiControllerTest using Java 11.0.1 on DESKTOP-H7093P3 with PID 22164 (started by juhyu in C:\ssafy-common-sub3\BackEnd)
2021-08-17 11:05:26.459  INFO 22164 --- [    Test worker] c.B.ogym.controller.PTApiControllerTest  : No active profile set, falling back to default profiles: default
2021-08-17 11:05:27.254  INFO 22164 --- [    Test worker] .s.s.UserDetailsServiceAutoConfiguration : 

Using generated security password: 64933c57-46ff-413e-a0e1-35eb94013802

2021-08-17 11:05:27.394  INFO 22164 --- [    Test worker] o.s.s.web.DefaultSecurityFilterChain     : Will secure any request with [org.springframework.security.web.context.request.async.WebAsyncManagerIntegrationFilter@5989e83, org.springframework.security.web.context.SecurityContextPersistenceFilter@59b5a681, org.springframework.security.web.header.HeaderWriterFilter@53640543, org.springframework.security.web.csrf.CsrfFilter@752a965a, org.springframework.security.web.authentication.logout.LogoutFilter@263f7f6f, org.springframework.security.web.authentication.UsernamePasswordAuthenticationFilter@16b68143, org.springframework.security.web.authentication.ui.DefaultLoginPageGeneratingFilter@7dbdca6b, org.springframework.security.web.authentication.ui.DefaultLogoutPageGeneratingFilter@5d7050f6, org.springframework.security.web.authentication.www.BasicAuthenticationFilter@25703c55, org.springframework.security.web.savedrequest.RequestCacheAwareFilter@3a5c30ab, org.springframework.security.web.servletapi.SecurityContextHolderAwareRequestFilter@49e174be, org.springframework.security.web.authentication.AnonymousAuthenticationFilter@7fee6e82, org.springframework.security.web.session.SessionManagementFilter@788c778c, org.springframework.security.web.access.ExceptionTranslationFilter@7572df1b, org.springframework.security.web.access.intercept.FilterSecurityInterceptor@71c52ea8]
2021-08-17 11:05:27.465  INFO 22164 --- [    Test worker] o.s.b.t.m.w.SpringBootMockServletContext : Initializing Spring TestDispatcherServlet ''
2021-08-17 11:05:27.465  INFO 22164 --- [    Test worker] o.s.t.web.servlet.TestDispatcherServlet  : Initializing Servlet ''
2021-08-17 11:05:27.465  INFO 22164 --- [    Test worker] o.s.t.web.servlet.TestDispatcherServlet  : Completed initialization in 0 ms
2021-08-17 11:05:27.481  INFO 22164 --- [    Test worker] c.B.ogym.controller.PTApiControllerTest  : Started PTApiControllerTest in 1.06 seconds (JVM running for 8.235)
2021-08-17 11:05:27.492  INFO 22164 --- [    Test worker] o.s.b.t.m.w.SpringBootMockServletContext : Initializing Spring TestDispatcherServlet ''
2021-08-17 11:05:27.492  INFO 22164 --- [    Test worker] o.s.t.web.servlet.TestDispatcherServlet  : Initializing Servlet ''
2021-08-17 11:05:27.493  INFO 22164 --- [    Test worker] o.s.t.web.servlet.TestDispatcherServlet  : Completed initialization in 0 ms

MockHttpServletRequest:
      HTTP Method = POST
      Request URI = /api/pt/reservation
       Parameters = {}
          Headers = [Content-Type:"application/json;charset=UTF-8", Authorization:"JWT ACCESS TOKEN", Content-Length:"101"]
             Body = {"ptTeacherEmail":"student@naver.com","reservationTime":"2021-08-28T13:00:00","description":"상체"}
    Session Attrs = {}

Handler:
             Type = com.B305.ogym.controller.PTApiController
           Method = com.B305.ogym.controller.PTApiController#makeReservation(UserBase, reservationRequest)

Async:
    Async started = false
     Async result = null

Resolved Exception:
             Type = com.B305.ogym.exception.user.UserNotFoundException

ModelAndView:
        View name = null
             View = null
            Model = null

FlashMap:
       Attributes = null

MockHttpServletResponse:
           Status = 404
    Error message = null
          Headers = [Content-Type:"text/plain;charset=UTF-8", Content-Length:"72"]
     Content type = text/plain;charset=UTF-8
             Body = 가입하지 않은 아이디이거나, 잘못된 비밀번호입니다.
    Forwarded URL = null
   Redirected URL = null
          Cookies = []
2021-08-17 11:05:27.817  INFO 22164 --- [    Test worker] o.s.b.t.m.w.SpringBootMockServletContext : Initializing Spring TestDispatcherServlet ''
2021-08-17 11:05:27.817  INFO 22164 --- [    Test worker] o.s.t.web.servlet.TestDispatcherServlet  : Initializing Servlet ''
2021-08-17 11:05:27.818  INFO 22164 --- [    Test worker] o.s.t.web.servlet.TestDispatcherServlet  : Completed initialization in 1 ms

MockHttpServletRequest:
      HTTP Method = GET
      Request URI = /api/pt/reservation
       Parameters = {}
          Headers = [Authorization:"JWT ACCESS TOKEN"]
             Body = null
    Session Attrs = {}

Handler:
             Type = com.B305.ogym.controller.PTApiController
           Method = com.B305.ogym.controller.PTApiController#getReservationTime(UserBase)

Async:
    Async started = false
     Async result = null

Resolved Exception:
             Type = com.B305.ogym.exception.user.UserNotFoundException

ModelAndView:
        View name = null
             View = null
            Model = null

FlashMap:
       Attributes = null

MockHttpServletResponse:
           Status = 404
    Error message = null
          Headers = [Content-Type:"text/plain;charset=UTF-8", Content-Length:"72"]
     Content type = text/plain;charset=UTF-8
             Body = 가입하지 않은 아이디이거나, 잘못된 비밀번호입니다.
    Forwarded URL = null
   Redirected URL = null
          Cookies = []
2021-08-17 11:05:27.834  INFO 22164 --- [    Test worker] o.s.b.t.m.w.SpringBootMockServletContext : Initializing Spring TestDispatcherServlet ''
2021-08-17 11:05:27.834  INFO 22164 --- [    Test worker] o.s.t.web.servlet.TestDispatcherServlet  : Initializing Servlet ''
2021-08-17 11:05:27.834  INFO 22164 --- [    Test worker] o.s.t.web.servlet.TestDispatcherServlet  : Completed initialization in 0 ms

MockHttpServletRequest:
      HTTP Method = DELETE
      Request URI = /api/pt/reservation
       Parameters = {}
          Headers = [Content-Type:"application/json;charset=UTF-8", Authorization:"JWT ACCESS TOKEN", Content-Length:"101"]
             Body = {"ptTeacherEmail":"student@naver.com","reservationTime":"2021-08-28T13:00:00","description":"상체"}
    Session Attrs = {}

Handler:
             Type = com.B305.ogym.controller.PTApiController
           Method = com.B305.ogym.controller.PTApiController#cancelReservation(UserBase, reservationRequest)

Async:
    Async started = false
     Async result = null

Resolved Exception:
             Type = com.B305.ogym.exception.user.UserNotFoundException

ModelAndView:
        View name = null
             View = null
            Model = null

FlashMap:
       Attributes = null

MockHttpServletResponse:
           Status = 404
    Error message = null
          Headers = [Content-Type:"text/plain;charset=UTF-8", Content-Length:"72"]
     Content type = text/plain;charset=UTF-8
             Body = 가입하지 않은 아이디이거나, 잘못된 비밀번호입니다.
    Forwarded URL = null
   Redirected URL = null
          Cookies = []
2021-08-17 11:05:27.847  INFO 22164 --- [    Test worker] o.s.b.t.m.w.SpringBootMockServletContext : Initializing Spring TestDispatcherServlet ''
2021-08-17 11:05:27.847  INFO 22164 --- [    Test worker] o.s.t.web.servlet.TestDispatcherServlet  : Initializing Servlet ''
2021-08-17 11:05:27.847  INFO 22164 --- [    Test worker] o.s.t.web.servlet.TestDispatcherServlet  : Completed initialization in 0 ms

MockHttpServletRequest:
      HTTP Method = DELETE
      Request URI = /api/pt/reservation
       Parameters = {}
          Headers = [Content-Type:"application/json;charset=UTF-8", Authorization:"JWT ACCESS TOKEN", Content-Length:"101"]
             Body = {"ptTeacherEmail":"student@naver.com","reservationTime":"2021-08-28T13:00:00","description":"상체"}
    Session Attrs = {}

Handler:
             Type = com.B305.ogym.controller.PTApiController
           Method = com.B305.ogym.controller.PTApiController#cancelReservation(UserBase, reservationRequest)

Async:
    Async started = false
     Async result = null

Resolved Exception:
             Type = null

ModelAndView:
        View name = null
             View = null
            Model = null

FlashMap:
       Attributes = null

MockHttpServletResponse:
           Status = 200
    Error message = null
          Headers = [Content-Type:"application/json;charset=UTF-8"]
     Content type = application/json;charset=UTF-8
             Body = {"statusCode":200,"message":"PT 삭제에 성공했습니다.","data":{}}
    Forwarded URL = null
   Redirected URL = null
          Cookies = []
2021-08-17 11:05:27.886  INFO 22164 --- [    Test worker] o.s.b.t.m.w.SpringBootMockServletContext : Initializing Spring TestDispatcherServlet ''
2021-08-17 11:05:27.886  INFO 22164 --- [    Test worker] o.s.t.web.servlet.TestDispatcherServlet  : Initializing Servlet ''
2021-08-17 11:05:27.886  INFO 22164 --- [    Test worker] o.s.t.web.servlet.TestDispatcherServlet  : Completed initialization in 0 ms

MockHttpServletRequest:
      HTTP Method = POST
      Request URI = /api/pt/reservation
       Parameters = {}
          Headers = [Content-Type:"application/json;charset=UTF-8", Authorization:"JWT ACCESS TOKEN", Content-Length:"101"]
             Body = {"ptTeacherEmail":"teacher@naver.com","reservationTime":"2021-08-28T13:00:00","description":"상체"}
    Session Attrs = {}

Handler:
             Type = com.B305.ogym.controller.PTApiController
           Method = com.B305.ogym.controller.PTApiController#makeReservation(UserBase, reservationRequest)

Async:
    Async started = false
     Async result = null

Resolved Exception:
             Type = com.B305.ogym.exception.user.UserNotFoundException

ModelAndView:
        View name = null
             View = null
            Model = null

FlashMap:
       Attributes = null

MockHttpServletResponse:
           Status = 404
    Error message = null
          Headers = [Content-Type:"text/plain;charset=UTF-8", Content-Length:"72"]
     Content type = text/plain;charset=UTF-8
             Body = 가입하지 않은 아이디이거나, 잘못된 비밀번호입니다.
    Forwarded URL = null
   Redirected URL = null
          Cookies = []
2021-08-17 11:05:27.923  INFO 22164 --- [    Test worker] o.s.b.t.m.w.SpringBootMockServletContext : Initializing Spring TestDispatcherServlet ''
2021-08-17 11:05:27.923  INFO 22164 --- [    Test worker] o.s.t.web.servlet.TestDispatcherServlet  : Initializing Servlet ''
2021-08-17 11:05:27.923  INFO 22164 --- [    Test worker] o.s.t.web.servlet.TestDispatcherServlet  : Completed initialization in 0 ms

MockHttpServletRequest:
      HTTP Method = POST
      Request URI = /api/pt/reservation
       Parameters = {}
          Headers = [Content-Type:"application/json;charset=UTF-8", Authorization:"JWT ACCESS TOKEN", Content-Length:"101"]
             Body = {"ptTeacherEmail":"teacher@naver.com","reservationTime":"2021-08-28T13:00:00","description":"상체"}
    Session Attrs = {}

Handler:
             Type = com.B305.ogym.controller.PTApiController
           Method = com.B305.ogym.controller.PTApiController#makeReservation(UserBase, reservationRequest)

Async:
    Async started = false
     Async result = null

Resolved Exception:
             Type = null

ModelAndView:
        View name = null
             View = null
            Model = null

FlashMap:
       Attributes = null

MockHttpServletResponse:
           Status = 201
    Error message = null
          Headers = [Content-Type:"application/json;charset=UTF-8"]
     Content type = application/json;charset=UTF-8
             Body = {"statusCode":201,"message":"PT예약에 성공하였습니다.","data":{}}
    Forwarded URL = null
   Redirected URL = null
          Cookies = []
2021-08-17 11:05:27.958  INFO 22164 --- [    Test worker] o.s.b.t.m.w.SpringBootMockServletContext : Initializing Spring TestDispatcherServlet ''
2021-08-17 11:05:27.958  INFO 22164 --- [    Test worker] o.s.t.web.servlet.TestDispatcherServlet  : Initializing Servlet ''
2021-08-17 11:05:27.959  INFO 22164 --- [    Test worker] o.s.t.web.servlet.TestDispatcherServlet  : Completed initialization in 1 ms

MockHttpServletRequest:
      HTTP Method = GET
      Request URI = /api/pt/reservation/teacher@naver.com
       Parameters = {}
          Headers = [Authorization:"JWT ACCESS TOKEN"]
             Body = null
    Session Attrs = {}

Handler:
             Type = com.B305.ogym.controller.PTApiController
           Method = com.B305.ogym.controller.PTApiController#getTeacherReservationTime(String)

Async:
    Async started = false
     Async result = null

Resolved Exception:
             Type = null

ModelAndView:
        View name = null
             View = null
            Model = null

FlashMap:
       Attributes = null

MockHttpServletResponse:
           Status = 200
    Error message = null
          Headers = [Content-Disposition:"inline;filename=f.txt", Content-Type:"application/json;charset=UTF-8"]
     Content type = application/json;charset=UTF-8
             Body = {"statusCode":200,"message":"해당 선생님의 예약된 시간 조회에 성공했습니다.","data":["2021-08-28T13:00:00"]}
    Forwarded URL = null
   Redirected URL = null
          Cookies = []
2021-08-17 11:05:28.019  INFO 22164 --- [    Test worker] o.s.b.t.m.w.SpringBootMockServletContext : Initializing Spring TestDispatcherServlet ''
2021-08-17 11:05:28.019  INFO 22164 --- [    Test worker] o.s.t.web.servlet.TestDispatcherServlet  : Initializing Servlet ''
2021-08-17 11:05:28.020  INFO 22164 --- [    Test worker] o.s.t.web.servlet.TestDispatcherServlet  : Completed initialization in 1 ms

MockHttpServletRequest:
      HTTP Method = DELETE
      Request URI = /api/pt/reservation
       Parameters = {}
          Headers = [Content-Type:"application/json;charset=UTF-8", Authorization:"JWT ACCESS TOKEN", Content-Length:"101"]
             Body = {"ptTeacherEmail":"student@naver.com","reservationTime":"2021-08-28T13:00:00","description":"상체"}
    Session Attrs = {}

Handler:
             Type = com.B305.ogym.controller.PTApiController
           Method = com.B305.ogym.controller.PTApiController#cancelReservation(UserBase, reservationRequest)

Async:
    Async started = false
     Async result = null

Resolved Exception:
             Type = com.B305.ogym.exception.user.UserNotFoundException

ModelAndView:
        View name = null
             View = null
            Model = null

FlashMap:
       Attributes = null

MockHttpServletResponse:
           Status = 404
    Error message = null
          Headers = [Content-Type:"text/plain;charset=UTF-8", Content-Length:"72"]
     Content type = text/plain;charset=UTF-8
             Body = 가입하지 않은 아이디이거나, 잘못된 비밀번호입니다.
    Forwarded URL = null
   Redirected URL = null
          Cookies = []
2021-08-17 11:05:28.033  INFO 22164 --- [    Test worker] o.s.b.t.m.w.SpringBootMockServletContext : Initializing Spring TestDispatcherServlet ''
2021-08-17 11:05:28.034  INFO 22164 --- [    Test worker] o.s.t.web.servlet.TestDispatcherServlet  : Initializing Servlet ''
2021-08-17 11:05:28.034  INFO 22164 --- [    Test worker] o.s.t.web.servlet.TestDispatcherServlet  : Completed initialization in 0 ms

MockHttpServletRequest:
      HTTP Method = GET
      Request URI = /api/pt/reservation/teacher@naver.com
       Parameters = {}
          Headers = [Authorization:"JWT ACCESS TOKEN"]
             Body = null
    Session Attrs = {}

Handler:
             Type = com.B305.ogym.controller.PTApiController
           Method = com.B305.ogym.controller.PTApiController#getTeacherReservationTime(String)

Async:
    Async started = false
     Async result = null

Resolved Exception:
             Type = com.B305.ogym.exception.user.UserNotFoundException

ModelAndView:
        View name = null
             View = null
            Model = null

FlashMap:
       Attributes = null

MockHttpServletResponse:
           Status = 404
    Error message = null
          Headers = [Content-Disposition:"inline;filename=f.txt", Content-Type:"text/plain;charset=UTF-8", Content-Length:"72"]
     Content type = text/plain;charset=UTF-8
             Body = 가입하지 않은 아이디이거나, 잘못된 비밀번호입니다.
    Forwarded URL = null
   Redirected URL = null
          Cookies = []
2021-08-17 11:05:28.047  INFO 22164 --- [    Test worker] o.s.b.t.m.w.SpringBootMockServletContext : Initializing Spring TestDispatcherServlet ''
2021-08-17 11:05:28.047  INFO 22164 --- [    Test worker] o.s.t.web.servlet.TestDispatcherServlet  : Initializing Servlet ''
2021-08-17 11:05:28.049  INFO 22164 --- [    Test worker] o.s.t.web.servlet.TestDispatcherServlet  : Completed initialization in 2 ms

MockHttpServletRequest:
      HTTP Method = GET
      Request URI = /api/pt/reservation
       Parameters = {}
          Headers = [Authorization:"JWT ACCESS TOKEN"]
             Body = null
    Session Attrs = {}

Handler:
             Type = com.B305.ogym.controller.PTApiController
           Method = com.B305.ogym.controller.PTApiController#getReservationTime(UserBase)

Async:
    Async started = false
     Async result = null

Resolved Exception:
             Type = null

ModelAndView:
        View name = null
             View = null
            Model = null

FlashMap:
       Attributes = null

MockHttpServletResponse:
           Status = 200
    Error message = null
          Headers = [Content-Type:"application/json;charset=UTF-8"]
     Content type = application/json;charset=UTF-8
             Body = {"statusCode":200,"message":"예약 시간 조회에 성공했습니다.","data":[{"description":"이두 운동","nickname":"김계란","username":"김성식","email":"eggkim@ssafy.com","reservationTime":"2021-07-28T04:00:00"}]}
    Forwarded URL = null
   Redirected URL = null
          Cookies = []
2021-08-17 11:05:28.075  INFO 22164 --- [    Test worker] o.s.b.t.m.w.SpringBootMockServletContext : Initializing Spring TestDispatcherServlet ''
2021-08-17 11:05:28.075  INFO 22164 --- [    Test worker] o.s.t.web.servlet.TestDispatcherServlet  : Initializing Servlet ''
2021-08-17 11:05:28.075  INFO 22164 --- [    Test worker] o.s.t.web.servlet.TestDispatcherServlet  : Completed initialization in 0 ms

MockHttpServletRequest:
      HTTP Method = DELETE
      Request URI = /api/pt/reservation
       Parameters = {}
          Headers = [Content-Type:"application/json;charset=UTF-8", Authorization:"JWT ACCESS TOKEN", Content-Length:"101"]
             Body = {"ptTeacherEmail":"student@naver.com","reservationTime":"2021-08-28T13:00:00","description":"상체"}
    Session Attrs = {}

Handler:
             Type = com.B305.ogym.controller.PTApiController
           Method = com.B305.ogym.controller.PTApiController#cancelReservation(UserBase, reservationRequest)

Async:
    Async started = false
     Async result = null

Resolved Exception:
             Type = com.B305.ogym.exception.user.UserNotFoundException

ModelAndView:
        View name = null
             View = null
            Model = null

FlashMap:
       Attributes = null

MockHttpServletResponse:
           Status = 404
    Error message = null
          Headers = [Content-Type:"text/plain;charset=UTF-8", Content-Length:"72"]
     Content type = text/plain;charset=UTF-8
             Body = 가입하지 않은 아이디이거나, 잘못된 비밀번호입니다.
    Forwarded URL = null
   Redirected URL = null
          Cookies = []
2021-08-17 11:05:28.089  INFO 22164 --- [    Test worker] o.s.b.t.m.w.SpringBootMockServletContext : Initializing Spring TestDispatcherServlet ''
2021-08-17 11:05:28.089  INFO 22164 --- [    Test worker] o.s.t.web.servlet.TestDispatcherServlet  : Initializing Servlet ''
2021-08-17 11:05:28.091  INFO 22164 --- [    Test worker] o.s.t.web.servlet.TestDispatcherServlet  : Completed initialization in 2 ms
check서현진

MockHttpServletRequest:
      HTTP Method = GET
      Request URI = /api/pt/teacherlist
       Parameters = {page=[0], size=[10], name=[서현진], gender=[WOMAN], minPrice=[100], maxPrice=[200000], minAge=[1], maxAge=[100]}
          Headers = [Authorization:"JWT ACCESS TOKEN"]
             Body = null
    Session Attrs = {}

Handler:
             Type = com.B305.ogym.controller.PTApiController
           Method = com.B305.ogym.controller.PTApiController#teacherList(SearchDto, Pageable)

Async:
    Async started = false
     Async result = null

Resolved Exception:
             Type = null

ModelAndView:
        View name = null
             View = null
            Model = null

FlashMap:
       Attributes = null

MockHttpServletResponse:
           Status = 200
    Error message = null
          Headers = [Content-Type:"application/json;charset=UTF-8"]
     Content type = application/json;charset=UTF-8
             Body = {"statusCode":200,"message":"PT 선생님 리스트 불러오기에 성공하였습니다.","data":{"teacherList":[{"username":"서현진","gender":"WOMAN","age":21,"nickname":"오해영","tel":"010-2021-0105","email":"eggkim5@ssafy.com","profilePicture":null,"starRating":4.8,"major":"특공무술","price":200000,"description":"좋았어. 거짓은 머리털만큼도 없다! 신뢰와 정직으로 모시겠습니다","snsList":[],"careers":[],"reservations":[],"certificates":[]}],"pageable":null,"totalPages":0,"totalElements":0,"numberOfElements":0}}
    Forwarded URL = null
   Redirected URL = null
          Cookies = []
]]></system-out>
  <system-err><![CDATA[]]></system-err>
</testsuite>
